[2022-03-09 10:42:19,903] [WARN ] - Error on updating configuration store for app 'JavaTestServer' version '1.0.0'. java.lang.RuntimeException: Couldn't find .mount-configuration file at [C:\Users\administrator.SCSM\Desktop\SharedConfigJavaTestApp\target] or it parents
[2022-03-09 10:42:20,434] [WARN ] - Error on updating configuration store for app 'JavaTestServer' version '1.0.0'. java.lang.RuntimeException: Couldn't find .mount-configuration file at [C:\Users\administrator.SCSM\Desktop\SharedConfigJavaTestApp\target] or it parents
[2022-03-09 10:42:20,903] [WARN ] - Error on updating configuration store for app 'JavaTestServer' version '1.0.0'. java.lang.RuntimeException: Couldn't find .mount-configuration file at [C:\Users\administrator.SCSM\Desktop\SharedConfigJavaTestApp\target] or it parents
[2022-03-09 10:42:21,403] [WARN ] - Error on updating configuration store for app 'JavaTestServer' version '1.0.0'. java.lang.RuntimeException: Couldn't find .mount-configuration file at [C:\Users\administrator.SCSM\Desktop\SharedConfigJavaTestApp\target] or it parents
[2022-03-09 10:42:21,903] [WARN ] - Error on updating configuration store for app 'JavaTestServer' version '1.0.0'. java.lang.RuntimeException: Couldn't find .mount-configuration file at [C:\Users\administrator.SCSM\Desktop\SharedConfigJavaTestApp\target] or it parents
[2022-03-09 10:42:22,403] [WARN ] - Error on updating configuration store for app 'JavaTestServer' version '1.0.0'. java.lang.RuntimeException: Couldn't find .mount-configuration file at [C:\Users\administrator.SCSM\Desktop\SharedConfigJavaTestApp\target] or it parents
[2022-03-09 10:42:22,903] [WARN ] - Error on updating configuration store for app 'JavaTestServer' version '1.0.0'. java.lang.RuntimeException: Couldn't find .mount-configuration file at [C:\Users\administrator.SCSM\Desktop\SharedConfigJavaTestApp\target] or it parents
[2022-03-09 10:42:23,403] [WARN ] - Error on updating configuration store for app 'JavaTestServer' version '1.0.0'. java.lang.RuntimeException: Couldn't find .mount-configuration file at [C:\Users\administrator.SCSM\Desktop\SharedConfigJavaTestApp\target] or it parents
[2022-03-09 10:42:23,908] [WARN ] - Error on updating configuration store for app 'JavaTestServer' version '1.0.0'. java.lang.RuntimeException: Couldn't find .mount-configuration file at [C:\Users\administrator.SCSM\Desktop\SharedConfigJavaTestApp\target] or it parents
[2022-03-09 10:42:24,408] [WARN ] - Error on updating configuration store for app 'JavaTestServer' version '1.0.0'. java.lang.RuntimeException: Couldn't find .mount-configuration file at [C:\Users\administrator.SCSM\Desktop\SharedConfigJavaTestApp\target] or it parents
[2022-03-09 10:42:24,908] [WARN ] - Error on updating configuration store for app 'JavaTestServer' version '1.0.0'. java.lang.RuntimeException: Couldn't find .mount-configuration file at [C:\Users\administrator.SCSM\Desktop\SharedConfigJavaTestApp\target] or it parents
[2022-03-09 10:42:25,408] [WARN ] - Error on updating configuration store for app 'JavaTestServer' version '1.0.0'. java.lang.RuntimeException: Couldn't find .mount-configuration file at [C:\Users\administrator.SCSM\Desktop\SharedConfigJavaTestApp\target] or it parents
[2022-03-09 10:42:25,908] [WARN ] - Error on updating configuration store for app 'JavaTestServer' version '1.0.0'. java.lang.RuntimeException: Couldn't find .mount-configuration file at [C:\Users\administrator.SCSM\Desktop\SharedConfigJavaTestApp\target] or it parents
[2022-03-09 10:42:26,408] [WARN ] - Error on updating configuration store for app 'JavaTestServer' version '1.0.0'. java.lang.RuntimeException: Couldn't find .mount-configuration file at [C:\Users\administrator.SCSM\Desktop\SharedConfigJavaTestApp\target] or it parents
[2022-03-09 10:42:26,906] [WARN ] - Error on updating configuration store for app 'JavaTestServer' version '1.0.0'. java.lang.RuntimeException: Couldn't find .mount-configuration file at [C:\Users\administrator.SCSM\Desktop\SharedConfigJavaTestApp\target] or it parents
[2022-03-09 10:42:27,406] [WARN ] - Error on updating configuration store for app 'JavaTestServer' version '1.0.0'. java.lang.RuntimeException: Couldn't find .mount-configuration file at [C:\Users\administrator.SCSM\Desktop\SharedConfigJavaTestApp\target] or it parents
[2022-03-09 10:42:27,906] [WARN ] - Error on updating configuration store for app 'JavaTestServer' version '1.0.0'. java.lang.RuntimeException: Couldn't find .mount-configuration file at [C:\Users\administrator.SCSM\Desktop\SharedConfigJavaTestApp\target] or it parents
[2022-03-09 10:42:28,406] [WARN ] - Error on updating configuration store for app 'JavaTestServer' version '1.0.0'. java.lang.RuntimeException: Couldn't find .mount-configuration file at [C:\Users\administrator.SCSM\Desktop\SharedConfigJavaTestApp\target] or it parents
[2022-03-09 10:42:28,906] [WARN ] - Error on updating configuration store for app 'JavaTestServer' version '1.0.0'. java.lang.RuntimeException: Couldn't find .mount-configuration file at [C:\Users\administrator.SCSM\Desktop\SharedConfigJavaTestApp\target] or it parents
[2022-03-09 10:42:29,406] [WARN ] - Error on updating configuration store for app 'JavaTestServer' version '1.0.0'. java.lang.RuntimeException: Couldn't find .mount-configuration file at [C:\Users\administrator.SCSM\Desktop\SharedConfigJavaTestApp\target] or it parents
[2022-03-09 10:42:29,906] [WARN ] - Error on updating configuration store for app 'JavaTestServer' version '1.0.0'. java.lang.RuntimeException: Couldn't find .mount-configuration file at [C:\Users\administrator.SCSM\Desktop\SharedConfigJavaTestApp\target] or it parents
[2022-03-09 10:42:30,406] [WARN ] - Error on updating configuration store for app 'JavaTestServer' version '1.0.0'. java.lang.RuntimeException: Couldn't find .mount-configuration file at [C:\Users\administrator.SCSM\Desktop\SharedConfigJavaTestApp\target] or it parents
[2022-03-09 10:42:30,906] [WARN ] - Error on updating configuration store for app 'JavaTestServer' version '1.0.0'. java.lang.RuntimeException: Couldn't find .mount-configuration file at [C:\Users\administrator.SCSM\Desktop\SharedConfigJavaTestApp\target] or it parents
[2022-03-09 10:42:31,406] [WARN ] - Error on updating configuration store for app 'JavaTestServer' version '1.0.0'. java.lang.RuntimeException: Couldn't find .mount-configuration file at [C:\Users\administrator.SCSM\Desktop\SharedConfigJavaTestApp\target] or it parents
[2022-03-09 10:42:31,907] [WARN ] - Error on updating configuration store for app 'JavaTestServer' version '1.0.0'. java.lang.RuntimeException: Couldn't find .mount-configuration file at [C:\Users\administrator.SCSM\Desktop\SharedConfigJavaTestApp\target] or it parents
[2022-03-09 10:42:32,404] [WARN ] - Error on updating configuration store for app 'JavaTestServer' version '1.0.0'. java.lang.RuntimeException: Couldn't find .mount-configuration file at [C:\Users\administrator.SCSM\Desktop\SharedConfigJavaTestApp\target] or it parents
[2022-03-09 10:42:32,904] [WARN ] - Error on updating configuration store for app 'JavaTestServer' version '1.0.0'. java.lang.RuntimeException: Couldn't find .mount-configuration file at [C:\Users\administrator.SCSM\Desktop\SharedConfigJavaTestApp\target] or it parents
[2022-03-09 10:42:33,404] [WARN ] - Error on updating configuration store for app 'JavaTestServer' version '1.0.0'. java.lang.RuntimeException: Couldn't find .mount-configuration file at [C:\Users\administrator.SCSM\Desktop\SharedConfigJavaTestApp\target] or it parents
[2022-03-09 10:42:33,904] [WARN ] - Error on updating configuration store for app 'JavaTestServer' version '1.0.0'. java.lang.RuntimeException: Couldn't find .mount-configuration file at [C:\Users\administrator.SCSM\Desktop\SharedConfigJavaTestApp\target] or it parents
[2022-03-09 10:42:34,404] [WARN ] - Error on updating configuration store for app 'JavaTestServer' version '1.0.0'. java.lang.RuntimeException: Couldn't find .mount-configuration file at [C:\Users\administrator.SCSM\Desktop\SharedConfigJavaTestApp\target] or it parents
[2022-03-09 10:42:34,904] [WARN ] - Error on updating configuration store for app 'JavaTestServer' version '1.0.0'. java.lang.RuntimeException: Couldn't find .mount-configuration file at [C:\Users\administrator.SCSM\Desktop\SharedConfigJavaTestApp\target] or it parents
[2022-03-09 10:42:35,407] [WARN ] - Error on updating configuration store for app 'JavaTestServer' version '1.0.0'. java.lang.RuntimeException: Couldn't find .mount-configuration file at [C:\Users\administrator.SCSM\Desktop\SharedConfigJavaTestApp\target] or it parents
[2022-03-09 10:42:35,902] [WARN ] - Error on updating configuration store for app 'JavaTestServer' version '1.0.0'. java.lang.RuntimeException: Couldn't find .mount-configuration file at [C:\Users\administrator.SCSM\Desktop\SharedConfigJavaTestApp\target] or it parents
[2022-03-09 10:42:36,407] [WARN ] - Error on updating configuration store for app 'JavaTestServer' version '1.0.0'. java.lang.RuntimeException: Couldn't find .mount-configuration file at [C:\Users\administrator.SCSM\Desktop\SharedConfigJavaTestApp\target] or it parents
[2022-03-09 10:42:36,907] [WARN ] - Error on updating configuration store for app 'JavaTestServer' version '1.0.0'. java.lang.RuntimeException: Couldn't find .mount-configuration file at [C:\Users\administrator.SCSM\Desktop\SharedConfigJavaTestApp\target] or it parents
[2022-03-09 10:42:37,407] [WARN ] - Error on updating configuration store for app 'JavaTestServer' version '1.0.0'. java.lang.RuntimeException: Couldn't find .mount-configuration file at [C:\Users\administrator.SCSM\Desktop\SharedConfigJavaTestApp\target] or it parents
[2022-03-09 10:42:37,907] [WARN ] - Error on updating configuration store for app 'JavaTestServer' version '1.0.0'. java.lang.RuntimeException: Couldn't find .mount-configuration file at [C:\Users\administrator.SCSM\Desktop\SharedConfigJavaTestApp\target] or it parents
[2022-03-09 10:42:38,413] [WARN ] - Error on updating configuration store for app 'JavaTestServer' version '1.0.0'. java.lang.RuntimeException: Couldn't find .mount-configuration file at [C:\Users\administrator.SCSM\Desktop\SharedConfigJavaTestApp\target] or it parents
[2022-03-09 10:42:38,913] [WARN ] - Error on updating configuration store for app 'JavaTestServer' version '1.0.0'. java.lang.RuntimeException: Couldn't find .mount-configuration file at [C:\Users\administrator.SCSM\Desktop\SharedConfigJavaTestApp\target] or it parents
[2022-03-09 10:42:39,413] [WARN ] - Error on updating configuration store for app 'JavaTestServer' version '1.0.0'. java.lang.RuntimeException: Couldn't find .mount-configuration file at [C:\Users\administrator.SCSM\Desktop\SharedConfigJavaTestApp\target] or it parents
[2022-03-09 10:42:39,913] [WARN ] - Error on updating configuration store for app 'JavaTestServer' version '1.0.0'. java.lang.RuntimeException: Couldn't find .mount-configuration file at [C:\Users\administrator.SCSM\Desktop\SharedConfigJavaTestApp\target] or it parents
[2022-03-09 10:42:40,413] [WARN ] - Error on updating configuration store for app 'JavaTestServer' version '1.0.0'. java.lang.RuntimeException: Couldn't find .mount-configuration file at [C:\Users\administrator.SCSM\Desktop\SharedConfigJavaTestApp\target] or it parents
[2022-03-09 10:42:40,902] [WARN ] - Error on updating configuration store for app 'JavaTestServer' version '1.0.0'. java.lang.RuntimeException: Couldn't find .mount-configuration file at [C:\Users\administrator.SCSM\Desktop\SharedConfigJavaTestApp\target] or it parents
[2022-03-09 10:42:41,402] [WARN ] - Error on updating configuration store for app 'JavaTestServer' version '1.0.0'. java.lang.RuntimeException: Couldn't find .mount-configuration file at [C:\Users\administrator.SCSM\Desktop\SharedConfigJavaTestApp\target] or it parents
[2022-03-09 10:42:41,902] [WARN ] - Error on updating configuration store for app 'JavaTestServer' version '1.0.0'. java.lang.RuntimeException: Couldn't find .mount-configuration file at [C:\Users\administrator.SCSM\Desktop\SharedConfigJavaTestApp\target] or it parents
[2022-03-09 10:42:42,402] [WARN ] - Error on updating configuration store for app 'JavaTestServer' version '1.0.0'. java.lang.RuntimeException: Couldn't find .mount-configuration file at [C:\Users\administrator.SCSM\Desktop\SharedConfigJavaTestApp\target] or it parents
[2022-03-09 10:42:42,902] [WARN ] - Error on updating configuration store for app 'JavaTestServer' version '1.0.0'. java.lang.RuntimeException: Couldn't find .mount-configuration file at [C:\Users\administrator.SCSM\Desktop\SharedConfigJavaTestApp\target] or it parents
[2022-03-09 10:42:43,402] [WARN ] - Error on updating configuration store for app 'JavaTestServer' version '1.0.0'. java.lang.RuntimeException: Couldn't find .mount-configuration file at [C:\Users\administrator.SCSM\Desktop\SharedConfigJavaTestApp\target] or it parents
[2022-03-09 10:42:43,902] [WARN ] - Error on updating configuration store for app 'JavaTestServer' version '1.0.0'. java.lang.RuntimeException: Couldn't find .mount-configuration file at [C:\Users\administrator.SCSM\Desktop\SharedConfigJavaTestApp\target] or it parents
[2022-03-09 10:42:44,402] [WARN ] - Error on updating configuration store for app 'JavaTestServer' version '1.0.0'. java.lang.RuntimeException: Couldn't find .mount-configuration file at [C:\Users\administrator.SCSM\Desktop\SharedConfigJavaTestApp\target] or it parents
[2022-03-09 10:42:44,902] [WARN ] - Error on updating configuration store for app 'JavaTestServer' version '1.0.0'. java.lang.RuntimeException: Couldn't find .mount-configuration file at [C:\Users\administrator.SCSM\Desktop\SharedConfigJavaTestApp\target] or it parents
[2022-03-09 10:42:45,402] [WARN ] - Error on updating configuration store for app 'JavaTestServer' version '1.0.0'. java.lang.RuntimeException: Couldn't find .mount-configuration file at [C:\Users\administrator.SCSM\Desktop\SharedConfigJavaTestApp\target] or it parents
[2022-03-09 10:42:45,902] [WARN ] - Error on updating configuration store for app 'JavaTestServer' version '1.0.0'. java.lang.RuntimeException: Couldn't find .mount-configuration file at [C:\Users\administrator.SCSM\Desktop\SharedConfigJavaTestApp\target] or it parents
[2022-03-09 10:42:46,402] [WARN ] - Error on updating configuration store for app 'JavaTestServer' version '1.0.0'. java.lang.RuntimeException: Couldn't find .mount-configuration file at [C:\Users\administrator.SCSM\Desktop\SharedConfigJavaTestApp\target] or it parents
[2022-03-09 10:42:46,909] [WARN ] - Error on updating configuration store for app 'JavaTestServer' version '1.0.0'. java.lang.RuntimeException: Couldn't find .mount-configuration file at [C:\Users\administrator.SCSM\Desktop\SharedConfigJavaTestApp\target] or it parents
[2022-03-09 10:42:47,409] [WARN ] - Error on updating configuration store for app 'JavaTestServer' version '1.0.0'. java.lang.RuntimeException: Couldn't find .mount-configuration file at [C:\Users\administrator.SCSM\Desktop\SharedConfigJavaTestApp\target] or it parents
[2022-03-09 10:42:47,909] [WARN ] - Error on updating configuration store for app 'JavaTestServer' version '1.0.0'. java.lang.RuntimeException: Couldn't find .mount-configuration file at [C:\Users\administrator.SCSM\Desktop\SharedConfigJavaTestApp\target] or it parents
[2022-03-09 10:42:48,409] [WARN ] - Error on updating configuration store for app 'JavaTestServer' version '1.0.0'. java.lang.RuntimeException: Couldn't find .mount-configuration file at [C:\Users\administrator.SCSM\Desktop\SharedConfigJavaTestApp\target] or it parents
[2022-03-09 10:42:48,909] [WARN ] - Error on updating configuration store for app 'JavaTestServer' version '1.0.0'. java.lang.RuntimeException: Couldn't find .mount-configuration file at [C:\Users\administrator.SCSM\Desktop\SharedConfigJavaTestApp\target] or it parents
[2022-03-09 10:42:49,409] [WARN ] - Error on updating configuration store for app 'JavaTestServer' version '1.0.0'. java.lang.RuntimeException: Couldn't find .mount-configuration file at [C:\Users\administrator.SCSM\Desktop\SharedConfigJavaTestApp\target] or it parents
[2022-03-09 10:42:49,909] [WARN ] - Error on updating configuration store for app 'JavaTestServer' version '1.0.0'. java.lang.RuntimeException: Couldn't find .mount-configuration file at [C:\Users\administrator.SCSM\Desktop\SharedConfigJavaTestApp\target] or it parents
[2022-03-09 10:42:50,409] [WARN ] - Error on updating configuration store for app 'JavaTestServer' version '1.0.0'. java.lang.RuntimeException: Couldn't find .mount-configuration file at [C:\Users\administrator.SCSM\Desktop\SharedConfigJavaTestApp\target] or it parents
[2022-03-09 10:42:50,909] [WARN ] - Error on updating configuration store for app 'JavaTestServer' version '1.0.0'. java.lang.RuntimeException: Couldn't find .mount-configuration file at [C:\Users\administrator.SCSM\Desktop\SharedConfigJavaTestApp\target] or it parents
[2022-03-09 10:42:51,409] [WARN ] - Error on updating configuration store for app 'JavaTestServer' version '1.0.0'. java.lang.RuntimeException: Couldn't find .mount-configuration file at [C:\Users\administrator.SCSM\Desktop\SharedConfigJavaTestApp\target] or it parents
[2022-03-09 10:42:51,909] [WARN ] - Error on updating configuration store for app 'JavaTestServer' version '1.0.0'. java.lang.RuntimeException: Couldn't find .mount-configuration file at [C:\Users\administrator.SCSM\Desktop\SharedConfigJavaTestApp\target] or it parents
[2022-03-09 10:42:52,409] [WARN ] - Error on updating configuration store for app 'JavaTestServer' version '1.0.0'. java.lang.RuntimeException: Couldn't find .mount-configuration file at [C:\Users\administrator.SCSM\Desktop\SharedConfigJavaTestApp\target] or it parents
[2022-03-09 10:42:52,909] [WARN ] - Error on updating configuration store for app 'JavaTestServer' version '1.0.0'. java.lang.RuntimeException: Couldn't find .mount-configuration file at [C:\Users\administrator.SCSM\Desktop\SharedConfigJavaTestApp\target] or it parents
[2022-03-09 10:42:53,409] [WARN ] - Error on updating configuration store for app 'JavaTestServer' version '1.0.0'. java.lang.RuntimeException: Couldn't find .mount-configuration file at [C:\Users\administrator.SCSM\Desktop\SharedConfigJavaTestApp\target] or it parents
[2022-03-09 10:42:53,909] [WARN ] - Error on updating configuration store for app 'JavaTestServer' version '1.0.0'. java.lang.RuntimeException: Couldn't find .mount-configuration file at [C:\Users\administrator.SCSM\Desktop\SharedConfigJavaTestApp\target] or it parents
[2022-03-09 10:42:54,409] [WARN ] - Error on updating configuration store for app 'JavaTestServer' version '1.0.0'. java.lang.RuntimeException: Couldn't find .mount-configuration file at [C:\Users\administrator.SCSM\Desktop\SharedConfigJavaTestApp\target] or it parents
[2022-03-09 10:42:54,904] [WARN ] - Error on updating configuration store for app 'JavaTestServer' version '1.0.0'. java.lang.RuntimeException: Couldn't find .mount-configuration file at [C:\Users\administrator.SCSM\Desktop\SharedConfigJavaTestApp\target] or it parents
[2022-03-09 10:42:55,404] [WARN ] - Error on updating configuration store for app 'JavaTestServer' version '1.0.0'. java.lang.RuntimeException: Couldn't find .mount-configuration file at [C:\Users\administrator.SCSM\Desktop\SharedConfigJavaTestApp\target] or it parents
[2022-03-09 10:42:55,904] [WARN ] - Error on updating configuration store for app 'JavaTestServer' version '1.0.0'. java.lang.RuntimeException: Couldn't find .mount-configuration file at [C:\Users\administrator.SCSM\Desktop\SharedConfigJavaTestApp\target] or it parents
[2022-03-09 10:42:56,404] [WARN ] - Error on updating configuration store for app 'JavaTestServer' version '1.0.0'. java.lang.RuntimeException: Couldn't find .mount-configuration file at [C:\Users\administrator.SCSM\Desktop\SharedConfigJavaTestApp\target] or it parents
[2022-03-09 10:42:56,910] [WARN ] - Error on updating configuration store for app 'JavaTestServer' version '1.0.0'. java.lang.RuntimeException: Couldn't find .mount-configuration file at [C:\Users\administrator.SCSM\Desktop\SharedConfigJavaTestApp\target] or it parents
[2022-03-09 10:42:57,410] [WARN ] - Error on updating configuration store for app 'JavaTestServer' version '1.0.0'. java.lang.RuntimeException: Couldn't find .mount-configuration file at [C:\Users\administrator.SCSM\Desktop\SharedConfigJavaTestApp\target] or it parents
[2022-03-09 10:42:57,908] [WARN ] - Error on updating configuration store for app 'JavaTestServer' version '1.0.0'. java.lang.RuntimeException: Couldn't find .mount-configuration file at [C:\Users\administrator.SCSM\Desktop\SharedConfigJavaTestApp\target] or it parents
[2022-03-09 10:42:58,408] [WARN ] - Error on updating configuration store for app 'JavaTestServer' version '1.0.0'. java.lang.RuntimeException: Couldn't find .mount-configuration file at [C:\Users\administrator.SCSM\Desktop\SharedConfigJavaTestApp\target] or it parents
[2022-03-09 10:42:58,903] [WARN ] - Error on updating configuration store for app 'JavaTestServer' version '1.0.0'. java.lang.RuntimeException: Couldn't find .mount-configuration file at [C:\Users\administrator.SCSM\Desktop\SharedConfigJavaTestApp\target] or it parents
[2022-03-09 10:42:59,418] [WARN ] - Error on updating configuration store for app 'JavaTestServer' version '1.0.0'. java.lang.RuntimeException: Couldn't find .mount-configuration file at [C:\Users\administrator.SCSM\Desktop\SharedConfigJavaTestApp\target] or it parents
[2022-03-09 10:42:59,903] [WARN ] - Error on updating configuration store for app 'JavaTestServer' version '1.0.0'. java.lang.RuntimeException: Couldn't find .mount-configuration file at [C:\Users\administrator.SCSM\Desktop\SharedConfigJavaTestApp\target] or it parents
[2022-03-09 10:43:00,403] [WARN ] - Error on updating configuration store for app 'JavaTestServer' version '1.0.0'. java.lang.RuntimeException: Couldn't find .mount-configuration file at [C:\Users\administrator.SCSM\Desktop\SharedConfigJavaTestApp\target] or it parents
[2022-03-09 10:43:00,903] [WARN ] - Error on updating configuration store for app 'JavaTestServer' version '1.0.0'. java.lang.RuntimeException: Couldn't find .mount-configuration file at [C:\Users\administrator.SCSM\Desktop\SharedConfigJavaTestApp\target] or it parents
[2022-03-09 10:43:01,403] [WARN ] - Error on updating configuration store for app 'JavaTestServer' version '1.0.0'. java.lang.RuntimeException: Couldn't find .mount-configuration file at [C:\Users\administrator.SCSM\Desktop\SharedConfigJavaTestApp\target] or it parents
[2022-03-09 10:43:01,903] [WARN ] - Error on updating configuration store for app 'JavaTestServer' version '1.0.0'. java.lang.RuntimeException: Couldn't find .mount-configuration file at [C:\Users\administrator.SCSM\Desktop\SharedConfigJavaTestApp\target] or it parents
[2022-03-09 10:43:02,403] [WARN ] - Error on updating configuration store for app 'JavaTestServer' version '1.0.0'. java.lang.RuntimeException: Couldn't find .mount-configuration file at [C:\Users\administrator.SCSM\Desktop\SharedConfigJavaTestApp\target] or it parents
[2022-03-09 10:43:02,903] [WARN ] - Error on updating configuration store for app 'JavaTestServer' version '1.0.0'. java.lang.RuntimeException: Couldn't find .mount-configuration file at [C:\Users\administrator.SCSM\Desktop\SharedConfigJavaTestApp\target] or it parents
[2022-03-09 10:43:03,403] [WARN ] - Error on updating configuration store for app 'JavaTestServer' version '1.0.0'. java.lang.RuntimeException: Couldn't find .mount-configuration file at [C:\Users\administrator.SCSM\Desktop\SharedConfigJavaTestApp\target] or it parents
[2022-03-09 10:43:03,903] [WARN ] - Error on updating configuration store for app 'JavaTestServer' version '1.0.0'. java.lang.RuntimeException: Couldn't find .mount-configuration file at [C:\Users\administrator.SCSM\Desktop\SharedConfigJavaTestApp\target] or it parents
[2022-03-09 10:43:04,403] [WARN ] - Error on updating configuration store for app 'JavaTestServer' version '1.0.0'. java.lang.RuntimeException: Couldn't find .mount-configuration file at [C:\Users\administrator.SCSM\Desktop\SharedConfigJavaTestApp\target] or it parents
[2022-03-09 10:43:04,903] [WARN ] - Error on updating configuration store for app 'JavaTestServer' version '1.0.0'. java.lang.RuntimeException: Couldn't find .mount-configuration file at [C:\Users\administrator.SCSM\Desktop\SharedConfigJavaTestApp\target] or it parents
[2022-03-09 10:43:05,403] [WARN ] - Error on updating configuration store for app 'JavaTestServer' version '1.0.0'. java.lang.RuntimeException: Couldn't find .mount-configuration file at [C:\Users\administrator.SCSM\Desktop\SharedConfigJavaTestApp\target] or it parents
[2022-03-09 10:43:05,903] [WARN ] - Error on updating configuration store for app 'JavaTestServer' version '1.0.0'. java.lang.RuntimeException: Couldn't find .mount-configuration file at [C:\Users\administrator.SCSM\Desktop\SharedConfigJavaTestApp\target] or it parents
[2022-03-09 10:43:06,403] [WARN ] - Error on updating configuration store for app 'JavaTestServer' version '1.0.0'. java.lang.RuntimeException: Couldn't find .mount-configuration file at [C:\Users\administrator.SCSM\Desktop\SharedConfigJavaTestApp\target] or it parents
[2022-03-09 10:43:06,903] [WARN ] - Error on updating configuration store for app 'JavaTestServer' version '1.0.0'. java.lang.RuntimeException: Couldn't find .mount-configuration file at [C:\Users\administrator.SCSM\Desktop\SharedConfigJavaTestApp\target] or it parents
[2022-03-09 10:43:07,403] [WARN ] - Error on updating configuration store for app 'JavaTestServer' version '1.0.0'. java.lang.RuntimeException: Couldn't find .mount-configuration file at [C:\Users\administrator.SCSM\Desktop\SharedConfigJavaTestApp\target] or it parents
[2022-03-09 10:43:07,903] [WARN ] - Error on updating configuration store for app 'JavaTestServer' version '1.0.0'. java.lang.RuntimeException: Couldn't find .mount-configuration file at [C:\Users\administrator.SCSM\Desktop\SharedConfigJavaTestApp\target] or it parents
[2022-03-09 10:43:08,403] [WARN ] - Error on updating configuration store for app 'JavaTestServer' version '1.0.0'. java.lang.RuntimeException: Couldn't find .mount-configuration file at [C:\Users\administrator.SCSM\Desktop\SharedConfigJavaTestApp\target] or it parents
[2022-03-09 10:43:08,903] [WARN ] - Error on updating configuration store for app 'JavaTestServer' version '1.0.0'. java.lang.RuntimeException: Couldn't find .mount-configuration file at [C:\Users\administrator.SCSM\Desktop\SharedConfigJavaTestApp\target] or it parents
[2022-03-09 10:43:09,403] [WARN ] - Error on updating configuration store for app 'JavaTestServer' version '1.0.0'. java.lang.RuntimeException: Couldn't find .mount-configuration file at [C:\Users\administrator.SCSM\Desktop\SharedConfigJavaTestApp\target] or it parents
[2022-03-09 10:43:09,903] [WARN ] - Error on updating configuration store for app 'JavaTestServer' version '1.0.0'. java.lang.RuntimeException: Couldn't find .mount-configuration file at [C:\Users\administrator.SCSM\Desktop\SharedConfigJavaTestApp\target] or it parents
[2022-03-09 10:43:10,403] [WARN ] - Error on updating configuration store for app 'JavaTestServer' version '1.0.0'. java.lang.RuntimeException: Couldn't find .mount-configuration file at [C:\Users\administrator.SCSM\Desktop\SharedConfigJavaTestApp\target] or it parents
[2022-03-09 10:43:10,903] [WARN ] - Error on updating configuration store for app 'JavaTestServer' version '1.0.0'. java.lang.RuntimeException: Couldn't find .mount-configuration file at [C:\Users\administrator.SCSM\Desktop\SharedConfigJavaTestApp\target] or it parents
[2022-03-09 10:43:11,403] [WARN ] - Error on updating configuration store for app 'JavaTestServer' version '1.0.0'. java.lang.RuntimeException: Couldn't find .mount-configuration file at [C:\Users\administrator.SCSM\Desktop\SharedConfigJavaTestApp\target] or it parents
[2022-03-09 10:43:11,903] [WARN ] - Error on updating configuration store for app 'JavaTestServer' version '1.0.0'. java.lang.RuntimeException: Couldn't find .mount-configuration file at [C:\Users\administrator.SCSM\Desktop\SharedConfigJavaTestApp\target] or it parents
[2022-03-09 10:43:12,403] [WARN ] - Error on updating configuration store for app 'JavaTestServer' version '1.0.0'. java.lang.RuntimeException: Couldn't find .mount-configuration file at [C:\Users\administrator.SCSM\Desktop\SharedConfigJavaTestApp\target] or it parents
[2022-03-09 10:43:12,903] [WARN ] - Error on updating configuration store for app 'JavaTestServer' version '1.0.0'. java.lang.RuntimeException: Couldn't find .mount-configuration file at [C:\Users\administrator.SCSM\Desktop\SharedConfigJavaTestApp\target] or it parents
[2022-03-09 10:43:13,403] [WARN ] - Error on updating configuration store for app 'JavaTestServer' version '1.0.0'. java.lang.RuntimeException: Couldn't find .mount-configuration file at [C:\Users\administrator.SCSM\Desktop\SharedConfigJavaTestApp\target] or it parents
[2022-03-09 10:43:13,903] [WARN ] - Error on updating configuration store for app 'JavaTestServer' version '1.0.0'. java.lang.RuntimeException: Couldn't find .mount-configuration file at [C:\Users\administrator.SCSM\Desktop\SharedConfigJavaTestApp\target] or it parents
[2022-03-09 10:43:14,403] [WARN ] - Error on updating configuration store for app 'JavaTestServer' version '1.0.0'. java.lang.RuntimeException: Couldn't find .mount-configuration file at [C:\Users\administrator.SCSM\Desktop\SharedConfigJavaTestApp\target] or it parents
[2022-03-09 10:43:14,903] [WARN ] - Error on updating configuration store for app 'JavaTestServer' version '1.0.0'. java.lang.RuntimeException: Couldn't find .mount-configuration file at [C:\Users\administrator.SCSM\Desktop\SharedConfigJavaTestApp\target] or it parents
[2022-03-09 10:43:15,403] [WARN ] - Error on updating configuration store for app 'JavaTestServer' version '1.0.0'. java.lang.RuntimeException: Couldn't find .mount-configuration file at [C:\Users\administrator.SCSM\Desktop\SharedConfigJavaTestApp\target] or it parents
[2022-03-09 10:43:15,903] [WARN ] - Error on updating configuration store for app 'JavaTestServer' version '1.0.0'. java.lang.RuntimeException: Couldn't find .mount-configuration file at [C:\Users\administrator.SCSM\Desktop\SharedConfigJavaTestApp\target] or it parents
[2022-03-09 10:43:16,403] [WARN ] - Error on updating configuration store for app 'JavaTestServer' version '1.0.0'. java.lang.RuntimeException: Couldn't find .mount-configuration file at [C:\Users\administrator.SCSM\Desktop\SharedConfigJavaTestApp\target] or it parents
[2022-03-09 10:43:16,904] [WARN ] - Error on updating configuration store for app 'JavaTestServer' version '1.0.0'. java.lang.RuntimeException: Couldn't find .mount-configuration file at [C:\Users\administrator.SCSM\Desktop\SharedConfigJavaTestApp\target] or it parents
[2022-03-09 10:43:17,402] [WARN ] - Error on updating configuration store for app 'JavaTestServer' version '1.0.0'. java.lang.RuntimeException: Couldn't find .mount-configuration file at [C:\Users\administrator.SCSM\Desktop\SharedConfigJavaTestApp\target] or it parents
[2022-03-09 10:43:17,903] [WARN ] - Error on updating configuration store for app 'JavaTestServer' version '1.0.0'. java.lang.RuntimeException: Couldn't find .mount-configuration file at [C:\Users\administrator.SCSM\Desktop\SharedConfigJavaTestApp\target] or it parents
[2022-03-09 10:43:18,403] [WARN ] - Error on updating configuration store for app 'JavaTestServer' version '1.0.0'. java.lang.RuntimeException: Couldn't find .mount-configuration file at [C:\Users\administrator.SCSM\Desktop\SharedConfigJavaTestApp\target] or it parents
[2022-03-09 10:43:18,902] [WARN ] - Error on updating configuration store for app 'JavaTestServer' version '1.0.0'. java.lang.RuntimeException: Couldn't find .mount-configuration file at [C:\Users\administrator.SCSM\Desktop\SharedConfigJavaTestApp\target] or it parents
[2022-03-09 10:43:19,404] [WARN ] - Error on updating configuration store for app 'JavaTestServer' version '1.0.0'. java.lang.RuntimeException: Couldn't find .mount-configuration file at [C:\Users\administrator.SCSM\Desktop\SharedConfigJavaTestApp\target] or it parents
[2022-03-09 10:43:19,904] [WARN ] - Error on updating configuration store for app 'JavaTestServer' version '1.0.0'. java.lang.RuntimeException: Couldn't find .mount-configuration file at [C:\Users\administrator.SCSM\Desktop\SharedConfigJavaTestApp\target] or it parents
[2022-03-09 10:43:20,404] [WARN ] - Error on updating configuration store for app 'JavaTestServer' version '1.0.0'. java.lang.RuntimeException: Couldn't find .mount-configuration file at [C:\Users\administrator.SCSM\Desktop\SharedConfigJavaTestApp\target] or it parents
[2022-03-09 10:43:20,904] [WARN ] - Error on updating configuration store for app 'JavaTestServer' version '1.0.0'. java.lang.RuntimeException: Couldn't find .mount-configuration file at [C:\Users\administrator.SCSM\Desktop\SharedConfigJavaTestApp\target] or it parents
[2022-03-09 10:43:21,404] [WARN ] - Error on updating configuration store for app 'JavaTestServer' version '1.0.0'. java.lang.RuntimeException: Couldn't find .mount-configuration file at [C:\Users\administrator.SCSM\Desktop\SharedConfigJavaTestApp\target] or it parents
[2022-03-09 10:43:21,904] [WARN ] - Error on updating configuration store for app 'JavaTestServer' version '1.0.0'. java.lang.RuntimeException: Couldn't find .mount-configuration file at [C:\Users\administrator.SCSM\Desktop\SharedConfigJavaTestApp\target] or it parents
[2022-03-09 10:43:22,404] [WARN ] - Error on updating configuration store for app 'JavaTestServer' version '1.0.0'. java.lang.RuntimeException: Couldn't find .mount-configuration file at [C:\Users\administrator.SCSM\Desktop\SharedConfigJavaTestApp\target] or it parents
[2022-03-09 10:43:22,910] [WARN ] - Error on updating configuration store for app 'JavaTestServer' version '1.0.0'. java.lang.RuntimeException: Couldn't find .mount-configuration file at [C:\Users\administrator.SCSM\Desktop\SharedConfigJavaTestApp\target] or it parents
[2022-03-09 10:43:23,410] [WARN ] - Error on updating configuration store for app 'JavaTestServer' version '1.0.0'. java.lang.RuntimeException: Couldn't find .mount-configuration file at [C:\Users\administrator.SCSM\Desktop\SharedConfigJavaTestApp\target] or it parents
[2022-03-09 10:43:23,910] [WARN ] - Error on updating configuration store for app 'JavaTestServer' version '1.0.0'. java.lang.RuntimeException: Couldn't find .mount-configuration file at [C:\Users\administrator.SCSM\Desktop\SharedConfigJavaTestApp\target] or it parents
[2022-03-09 10:43:24,410] [WARN ] - Error on updating configuration store for app 'JavaTestServer' version '1.0.0'. java.lang.RuntimeException: Couldn't find .mount-configuration file at [C:\Users\administrator.SCSM\Desktop\SharedConfigJavaTestApp\target] or it parents
[2022-03-09 10:43:24,910] [WARN ] - Error on updating configuration store for app 'JavaTestServer' version '1.0.0'. java.lang.RuntimeException: Couldn't find .mount-configuration file at [C:\Users\administrator.SCSM\Desktop\SharedConfigJavaTestApp\target] or it parents
[2022-03-09 10:43:25,410] [WARN ] - Error on updating configuration store for app 'JavaTestServer' version '1.0.0'. java.lang.RuntimeException: Couldn't find .mount-configuration file at [C:\Users\administrator.SCSM\Desktop\SharedConfigJavaTestApp\target] or it parents
[2022-03-09 10:43:25,911] [WARN ] - Error on updating configuration store for app 'JavaTestServer' version '1.0.0'. java.lang.RuntimeException: Couldn't find .mount-configuration file at [C:\Users\administrator.SCSM\Desktop\SharedConfigJavaTestApp\target] or it parents
[2022-03-09 10:43:26,411] [WARN ] - Error on updating configuration store for app 'JavaTestServer' version '1.0.0'. java.lang.RuntimeException: Couldn't find .mount-configuration file at [C:\Users\administrator.SCSM\Desktop\SharedConfigJavaTestApp\target] or it parents
[2022-03-09 10:43:26,911] [WARN ] - Error on updating configuration store for app 'JavaTestServer' version '1.0.0'. java.lang.RuntimeException: Couldn't find .mount-configuration file at [C:\Users\administrator.SCSM\Desktop\SharedConfigJavaTestApp\target] or it parents
[2022-03-09 10:43:27,415] [WARN ] - Error on updating configuration store for app 'JavaTestServer' version '1.0.0'. java.lang.RuntimeException: Couldn't find .mount-configuration file at [C:\Users\administrator.SCSM\Desktop\SharedConfigJavaTestApp\target] or it parents
[2022-03-09 10:43:27,911] [WARN ] - Error on updating configuration store for app 'JavaTestServer' version '1.0.0'. java.lang.RuntimeException: Couldn't find .mount-configuration file at [C:\Users\administrator.SCSM\Desktop\SharedConfigJavaTestApp\target] or it parents
[2022-03-09 10:43:28,411] [WARN ] - Error on updating configuration store for app 'JavaTestServer' version '1.0.0'. java.lang.RuntimeException: Couldn't find .mount-configuration file at [C:\Users\administrator.SCSM\Desktop\SharedConfigJavaTestApp\target] or it parents
[2022-03-09 10:43:28,911] [WARN ] - Error on updating configuration store for app 'JavaTestServer' version '1.0.0'. java.lang.RuntimeException: Couldn't find .mount-configuration file at [C:\Users\administrator.SCSM\Desktop\SharedConfigJavaTestApp\target] or it parents
[2022-03-09 10:43:29,411] [WARN ] - Error on updating configuration store for app 'JavaTestServer' version '1.0.0'. java.lang.RuntimeException: Couldn't find .mount-configuration file at [C:\Users\administrator.SCSM\Desktop\SharedConfigJavaTestApp\target] or it parents
[2022-03-09 10:43:29,911] [WARN ] - Error on updating configuration store for app 'JavaTestServer' version '1.0.0'. java.lang.RuntimeException: Couldn't find .mount-configuration file at [C:\Users\administrator.SCSM\Desktop\SharedConfigJavaTestApp\target] or it parents
[2022-03-09 10:43:30,411] [WARN ] - Error on updating configuration store for app 'JavaTestServer' version '1.0.0'. java.lang.RuntimeException: Couldn't find .mount-configuration file at [C:\Users\administrator.SCSM\Desktop\SharedConfigJavaTestApp\target] or it parents
[2022-03-09 10:43:30,911] [WARN ] - Error on updating configuration store for app 'JavaTestServer' version '1.0.0'. java.lang.RuntimeException: Couldn't find .mount-configuration file at [C:\Users\administrator.SCSM\Desktop\SharedConfigJavaTestApp\target] or it parents
[2022-03-09 10:43:31,411] [WARN ] - Error on updating configuration store for app 'JavaTestServer' version '1.0.0'. java.lang.RuntimeException: Couldn't find .mount-configuration file at [C:\Users\administrator.SCSM\Desktop\SharedConfigJavaTestApp\target] or it parents
[2022-03-09 10:43:31,911] [WARN ] - Error on updating configuration store for app 'JavaTestServer' version '1.0.0'. java.lang.RuntimeException: Couldn't find .mount-configuration file at [C:\Users\administrator.SCSM\Desktop\SharedConfigJavaTestApp\target] or it parents
[2022-03-09 10:43:32,411] [WARN ] - Error on updating configuration store for app 'JavaTestServer' version '1.0.0'. java.lang.RuntimeException: Couldn't find .mount-configuration file at [C:\Users\administrator.SCSM\Desktop\SharedConfigJavaTestApp\target] or it parents
[2022-03-09 10:43:32,911] [WARN ] - Error on updating configuration store for app 'JavaTestServer' version '1.0.0'. java.lang.RuntimeException: Couldn't find .mount-configuration file at [C:\Users\administrator.SCSM\Desktop\SharedConfigJavaTestApp\target] or it parents
[2022-03-09 10:43:33,411] [WARN ] - Error on updating configuration store for app 'JavaTestServer' version '1.0.0'. java.lang.RuntimeException: Couldn't find .mount-configuration file at [C:\Users\administrator.SCSM\Desktop\SharedConfigJavaTestApp\target] or it parents
[2022-03-09 10:43:33,916] [WARN ] - Error on updating configuration store for app 'JavaTestServer' version '1.0.0'. java.lang.RuntimeException: Couldn't find .mount-configuration file at [C:\Users\administrator.SCSM\Desktop\SharedConfigJavaTestApp\target] or it parents
[2022-03-09 10:43:34,407] [WARN ] - Error on updating configuration store for app 'JavaTestServer' version '1.0.0'. java.lang.RuntimeException: Couldn't find .mount-configuration file at [C:\Users\administrator.SCSM\Desktop\SharedConfigJavaTestApp\target] or it parents
[2022-03-09 10:43:34,907] [WARN ] - Error on updating configuration store for app 'JavaTestServer' version '1.0.0'. java.lang.RuntimeException: Couldn't find .mount-configuration file at [C:\Users\administrator.SCSM\Desktop\SharedConfigJavaTestApp\target] or it parents
[2022-03-09 10:43:35,409] [WARN ] - Error on updating configuration store for app 'JavaTestServer' version '1.0.0'. java.lang.RuntimeException: Couldn't find .mount-configuration file at [C:\Users\administrator.SCSM\Desktop\SharedConfigJavaTestApp\target] or it parents
[2022-03-09 10:43:35,909] [WARN ] - Error on updating configuration store for app 'JavaTestServer' version '1.0.0'. java.lang.RuntimeException: Couldn't find .mount-configuration file at [C:\Users\administrator.SCSM\Desktop\SharedConfigJavaTestApp\target] or it parents
[2022-03-09 10:43:36,409] [WARN ] - Error on updating configuration store for app 'JavaTestServer' version '1.0.0'. java.lang.RuntimeException: Couldn't find .mount-configuration file at [C:\Users\administrator.SCSM\Desktop\SharedConfigJavaTestApp\target] or it parents
[2022-03-09 10:43:36,914] [WARN ] - Error on updating configuration store for app 'JavaTestServer' version '1.0.0'. java.lang.RuntimeException: Couldn't find .mount-configuration file at [C:\Users\administrator.SCSM\Desktop\SharedConfigJavaTestApp\target] or it parents
[2022-03-09 10:43:37,414] [WARN ] - Error on updating configuration store for app 'JavaTestServer' version '1.0.0'. java.lang.RuntimeException: Couldn't find .mount-configuration file at [C:\Users\administrator.SCSM\Desktop\SharedConfigJavaTestApp\target] or it parents
[2022-03-09 10:43:37,902] [WARN ] - Error on updating configuration store for app 'JavaTestServer' version '1.0.0'. java.lang.RuntimeException: Couldn't find .mount-configuration file at [C:\Users\administrator.SCSM\Desktop\SharedConfigJavaTestApp\target] or it parents
[2022-03-09 10:43:38,406] [WARN ] - Error on updating configuration store for app 'JavaTestServer' version '1.0.0'. java.lang.RuntimeException: Couldn't find .mount-configuration file at [C:\Users\administrator.SCSM\Desktop\SharedConfigJavaTestApp\target] or it parents
[2022-03-09 10:43:38,909] [WARN ] - Error on updating configuration store for app 'JavaTestServer' version '1.0.0'. java.lang.RuntimeException: Couldn't find .mount-configuration file at [C:\Users\administrator.SCSM\Desktop\SharedConfigJavaTestApp\target] or it parents
[2022-03-09 10:43:39,409] [WARN ] - Error on updating configuration store for app 'JavaTestServer' version '1.0.0'. java.lang.RuntimeException: Couldn't find .mount-configuration file at [C:\Users\administrator.SCSM\Desktop\SharedConfigJavaTestApp\target] or it parents
[2022-03-09 10:43:39,909] [WARN ] - Error on updating configuration store for app 'JavaTestServer' version '1.0.0'. java.lang.RuntimeException: Couldn't find .mount-configuration file at [C:\Users\administrator.SCSM\Desktop\SharedConfigJavaTestApp\target] or it parents
[2022-03-09 10:43:40,409] [WARN ] - Error on updating configuration store for app 'JavaTestServer' version '1.0.0'. java.lang.RuntimeException: Couldn't find .mount-configuration file at [C:\Users\administrator.SCSM\Desktop\SharedConfigJavaTestApp\target] or it parents
[2022-03-09 10:43:40,909] [WARN ] - Error on updating configuration store for app 'JavaTestServer' version '1.0.0'. java.lang.RuntimeException: Couldn't find .mount-configuration file at [C:\Users\administrator.SCSM\Desktop\SharedConfigJavaTestApp\target] or it parents
[2022-03-09 10:43:41,409] [WARN ] - Error on updating configuration store for app 'JavaTestServer' version '1.0.0'. java.lang.RuntimeException: Couldn't find .mount-configuration file at [C:\Users\administrator.SCSM\Desktop\SharedConfigJavaTestApp\target] or it parents
[2022-03-09 10:43:41,910] [WARN ] - Error on updating configuration store for app 'JavaTestServer' version '1.0.0'. java.lang.RuntimeException: Couldn't find .mount-configuration file at [C:\Users\administrator.SCSM\Desktop\SharedConfigJavaTestApp\target] or it parents
[2022-03-09 10:43:42,403] [WARN ] - Error on updating configuration store for app 'JavaTestServer' version '1.0.0'. java.lang.RuntimeException: Couldn't find .mount-configuration file at [C:\Users\administrator.SCSM\Desktop\SharedConfigJavaTestApp\target] or it parents
[2022-03-09 10:43:42,903] [WARN ] - Error on updating configuration store for app 'JavaTestServer' version '1.0.0'. java.lang.RuntimeException: Couldn't find .mount-configuration file at [C:\Users\administrator.SCSM\Desktop\SharedConfigJavaTestApp\target] or it parents
[2022-03-09 10:43:43,403] [WARN ] - Error on updating configuration store for app 'JavaTestServer' version '1.0.0'. java.lang.RuntimeException: Couldn't find .mount-configuration file at [C:\Users\administrator.SCSM\Desktop\SharedConfigJavaTestApp\target] or it parents
[2022-03-09 10:43:43,903] [WARN ] - Error on updating configuration store for app 'JavaTestServer' version '1.0.0'. java.lang.RuntimeException: Couldn't find .mount-configuration file at [C:\Users\administrator.SCSM\Desktop\SharedConfigJavaTestApp\target] or it parents
[2022-03-09 10:43:44,403] [WARN ] - Error on updating configuration store for app 'JavaTestServer' version '1.0.0'. java.lang.RuntimeException: Couldn't find .mount-configuration file at [C:\Users\administrator.SCSM\Desktop\SharedConfigJavaTestApp\target] or it parents
[2022-03-09 10:43:44,906] [WARN ] - Error on updating configuration store for app 'JavaTestServer' version '1.0.0'. java.lang.RuntimeException: Couldn't find .mount-configuration file at [C:\Users\administrator.SCSM\Desktop\SharedConfigJavaTestApp\target] or it parents
[2022-03-09 10:43:45,403] [WARN ] - Error on updating configuration store for app 'JavaTestServer' version '1.0.0'. java.lang.RuntimeException: Couldn't find .mount-configuration file at [C:\Users\administrator.SCSM\Desktop\SharedConfigJavaTestApp\target] or it parents
[2022-03-09 10:43:45,906] [WARN ] - Error on updating configuration store for app 'JavaTestServer' version '1.0.0'. java.lang.RuntimeException: Couldn't find .mount-configuration file at [C:\Users\administrator.SCSM\Desktop\SharedConfigJavaTestApp\target] or it parents
[2022-03-09 10:43:46,402] [WARN ] - Error on updating configuration store for app 'JavaTestServer' version '1.0.0'. java.lang.RuntimeException: Couldn't find .mount-configuration file at [C:\Users\administrator.SCSM\Desktop\SharedConfigJavaTestApp\target] or it parents
[2022-03-09 10:43:46,902] [WARN ] - Error on updating configuration store for app 'JavaTestServer' version '1.0.0'. java.lang.RuntimeException: Couldn't find .mount-configuration file at [C:\Users\administrator.SCSM\Desktop\SharedConfigJavaTestApp\target] or it parents
[2022-03-09 10:43:47,402] [WARN ] - Error on updating configuration store for app 'JavaTestServer' version '1.0.0'. java.lang.RuntimeException: Couldn't find .mount-configuration file at [C:\Users\administrator.SCSM\Desktop\SharedConfigJavaTestApp\target] or it parents
[2022-03-09 10:43:47,917] [WARN ] - Error on updating configuration store for app 'JavaTestServer' version '1.0.0'. java.lang.RuntimeException: Couldn't find .mount-configuration file at [C:\Users\administrator.SCSM\Desktop\SharedConfigJavaTestApp\target] or it parents
[2022-03-09 10:43:48,407] [WARN ] - Error on updating configuration store for app 'JavaTestServer' version '1.0.0'. java.lang.RuntimeException: Couldn't find .mount-configuration file at [C:\Users\administrator.SCSM\Desktop\SharedConfigJavaTestApp\target] or it parents
[2022-03-09 10:43:48,910] [WARN ] - Error on updating configuration store for app 'JavaTestServer' version '1.0.0'. java.lang.RuntimeException: Couldn't find .mount-configuration file at [C:\Users\administrator.SCSM\Desktop\SharedConfigJavaTestApp\target] or it parents
[2022-03-09 10:43:49,415] [WARN ] - Error on updating configuration store for app 'JavaTestServer' version '1.0.0'. java.lang.RuntimeException: Couldn't find .mount-configuration file at [C:\Users\administrator.SCSM\Desktop\SharedConfigJavaTestApp\target] or it parents
[2022-03-09 10:43:49,915] [WARN ] - Error on updating configuration store for app 'JavaTestServer' version '1.0.0'. java.lang.RuntimeException: Couldn't find .mount-configuration file at [C:\Users\administrator.SCSM\Desktop\SharedConfigJavaTestApp\target] or it parents
[2022-03-09 10:43:50,415] [WARN ] - Error on updating configuration store for app 'JavaTestServer' version '1.0.0'. java.lang.RuntimeException: Couldn't find .mount-configuration file at [C:\Users\administrator.SCSM\Desktop\SharedConfigJavaTestApp\target] or it parents
[2022-03-09 10:43:50,910] [WARN ] - Error on updating configuration store for app 'JavaTestServer' version '1.0.0'. java.lang.RuntimeException: Couldn't find .mount-configuration file at [C:\Users\administrator.SCSM\Desktop\SharedConfigJavaTestApp\target] or it parents
[2022-03-09 10:43:51,410] [WARN ] - Error on updating configuration store for app 'JavaTestServer' version '1.0.0'. java.lang.RuntimeException: Couldn't find .mount-configuration file at [C:\Users\administrator.SCSM\Desktop\SharedConfigJavaTestApp\target] or it parents
[2022-03-09 10:43:51,910] [WARN ] - Error on updating configuration store for app 'JavaTestServer' version '1.0.0'. java.lang.RuntimeException: Couldn't find .mount-configuration file at [C:\Users\administrator.SCSM\Desktop\SharedConfigJavaTestApp\target] or it parents
[2022-03-09 10:43:52,410] [WARN ] - Error on updating configuration store for app 'JavaTestServer' version '1.0.0'. java.lang.RuntimeException: Couldn't find .mount-configuration file at [C:\Users\administrator.SCSM\Desktop\SharedConfigJavaTestApp\target] or it parents
[2022-03-09 10:43:52,914] [WARN ] - Error on updating configuration store for app 'JavaTestServer' version '1.0.0'. java.lang.RuntimeException: Couldn't find .mount-configuration file at [C:\Users\administrator.SCSM\Desktop\SharedConfigJavaTestApp\target] or it parents
[2022-03-09 10:43:53,414] [WARN ] - Error on updating configuration store for app 'JavaTestServer' version '1.0.0'. java.lang.RuntimeException: Couldn't find .mount-configuration file at [C:\Users\administrator.SCSM\Desktop\SharedConfigJavaTestApp\target] or it parents
[2022-03-09 10:43:53,914] [WARN ] - Error on updating configuration store for app 'JavaTestServer' version '1.0.0'. java.lang.RuntimeException: Couldn't find .mount-configuration file at [C:\Users\administrator.SCSM\Desktop\SharedConfigJavaTestApp\target] or it parents
[2022-03-09 10:43:54,414] [WARN ] - Error on updating configuration store for app 'JavaTestServer' version '1.0.0'. java.lang.RuntimeException: Couldn't find .mount-configuration file at [C:\Users\administrator.SCSM\Desktop\SharedConfigJavaTestApp\target] or it parents
[2022-03-09 10:43:54,914] [WARN ] - Error on updating configuration store for app 'JavaTestServer' version '1.0.0'. java.lang.RuntimeException: Couldn't find .mount-configuration file at [C:\Users\administrator.SCSM\Desktop\SharedConfigJavaTestApp\target] or it parents
[2022-03-09 10:43:55,414] [WARN ] - Error on updating configuration store for app 'JavaTestServer' version '1.0.0'. java.lang.RuntimeException: Couldn't find .mount-configuration file at [C:\Users\administrator.SCSM\Desktop\SharedConfigJavaTestApp\target] or it parents
[2022-03-09 10:43:55,914] [WARN ] - Error on updating configuration store for app 'JavaTestServer' version '1.0.0'. java.lang.RuntimeException: Couldn't find .mount-configuration file at [C:\Users\administrator.SCSM\Desktop\SharedConfigJavaTestApp\target] or it parents
[2022-03-09 10:43:56,414] [WARN ] - Error on updating configuration store for app 'JavaTestServer' version '1.0.0'. java.lang.RuntimeException: Couldn't find .mount-configuration file at [C:\Users\administrator.SCSM\Desktop\SharedConfigJavaTestApp\target] or it parents
[2022-03-09 10:43:56,914] [WARN ] - Error on updating configuration store for app 'JavaTestServer' version '1.0.0'. java.lang.RuntimeException: Couldn't find .mount-configuration file at [C:\Users\administrator.SCSM\Desktop\SharedConfigJavaTestApp\target] or it parents
[2022-03-09 10:43:57,414] [WARN ] - Error on updating configuration store for app 'JavaTestServer' version '1.0.0'. java.lang.RuntimeException: Couldn't find .mount-configuration file at [C:\Users\administrator.SCSM\Desktop\SharedConfigJavaTestApp\target] or it parents
[2022-03-09 10:43:57,914] [WARN ] - Error on updating configuration store for app 'JavaTestServer' version '1.0.0'. java.lang.RuntimeException: Couldn't find .mount-configuration file at [C:\Users\administrator.SCSM\Desktop\SharedConfigJavaTestApp\target] or it parents
[2022-03-09 10:43:58,414] [WARN ] - Error on updating configuration store for app 'JavaTestServer' version '1.0.0'. java.lang.RuntimeException: Couldn't find .mount-configuration file at [C:\Users\administrator.SCSM\Desktop\SharedConfigJavaTestApp\target] or it parents
[2022-03-09 10:43:58,909] [WARN ] - Error on updating configuration store for app 'JavaTestServer' version '1.0.0'. java.lang.RuntimeException: Couldn't find .mount-configuration file at [C:\Users\administrator.SCSM\Desktop\SharedConfigJavaTestApp\target] or it parents
[2022-03-09 10:43:59,413] [WARN ] - Error on updating configuration store for app 'JavaTestServer' version '1.0.0'. java.lang.RuntimeException: Couldn't find .mount-configuration file at [C:\Users\administrator.SCSM\Desktop\SharedConfigJavaTestApp\target] or it parents
[2022-03-09 10:43:59,913] [WARN ] - Error on updating configuration store for app 'JavaTestServer' version '1.0.0'. java.lang.RuntimeException: Couldn't find .mount-configuration file at [C:\Users\administrator.SCSM\Desktop\SharedConfigJavaTestApp\target] or it parents
[2022-03-09 10:44:00,413] [WARN ] - Error on updating configuration store for app 'JavaTestServer' version '1.0.0'. java.lang.RuntimeException: Couldn't find .mount-configuration file at [C:\Users\administrator.SCSM\Desktop\SharedConfigJavaTestApp\target] or it parents
[2022-03-09 10:44:00,910] [WARN ] - Error on updating configuration store for app 'JavaTestServer' version '1.0.0'. java.lang.RuntimeException: Couldn't find .mount-configuration file at [C:\Users\administrator.SCSM\Desktop\SharedConfigJavaTestApp\target] or it parents
[2022-03-09 10:44:01,410] [WARN ] - Error on updating configuration store for app 'JavaTestServer' version '1.0.0'. java.lang.RuntimeException: Couldn't find .mount-configuration file at [C:\Users\administrator.SCSM\Desktop\SharedConfigJavaTestApp\target] or it parents
[2022-03-09 10:44:01,910] [WARN ] - Error on updating configuration store for app 'JavaTestServer' version '1.0.0'. java.lang.RuntimeException: Couldn't find .mount-configuration file at [C:\Users\administrator.SCSM\Desktop\SharedConfigJavaTestApp\target] or it parents
[2022-03-09 10:44:02,410] [WARN ] - Error on updating configuration store for app 'JavaTestServer' version '1.0.0'. java.lang.RuntimeException: Couldn't find .mount-configuration file at [C:\Users\administrator.SCSM\Desktop\SharedConfigJavaTestApp\target] or it parents
[2022-03-09 10:44:02,910] [WARN ] - Error on updating configuration store for app 'JavaTestServer' version '1.0.0'. java.lang.RuntimeException: Couldn't find .mount-configuration file at [C:\Users\administrator.SCSM\Desktop\SharedConfigJavaTestApp\target] or it parents
[2022-03-09 10:44:03,410] [WARN ] - Error on updating configuration store for app 'JavaTestServer' version '1.0.0'. java.lang.RuntimeException: Couldn't find .mount-configuration file at [C:\Users\administrator.SCSM\Desktop\SharedConfigJavaTestApp\target] or it parents
[2022-03-09 10:44:03,910] [WARN ] - Error on updating configuration store for app 'JavaTestServer' version '1.0.0'. java.lang.RuntimeException: Couldn't find .mount-configuration file at [C:\Users\administrator.SCSM\Desktop\SharedConfigJavaTestApp\target] or it parents
[2022-03-09 10:44:04,410] [WARN ] - Error on updating configuration store for app 'JavaTestServer' version '1.0.0'. java.lang.RuntimeException: Couldn't find .mount-configuration file at [C:\Users\administrator.SCSM\Desktop\SharedConfigJavaTestApp\target] or it parents
[2022-03-09 10:44:04,910] [WARN ] - Error on updating configuration store for app 'JavaTestServer' version '1.0.0'. java.lang.RuntimeException: Couldn't find .mount-configuration file at [C:\Users\administrator.SCSM\Desktop\SharedConfigJavaTestApp\target] or it parents
[2022-03-09 10:44:05,410] [WARN ] - Error on updating configuration store for app 'JavaTestServer' version '1.0.0'. java.lang.RuntimeException: Couldn't find .mount-configuration file at [C:\Users\administrator.SCSM\Desktop\SharedConfigJavaTestApp\target] or it parents
[2022-03-09 10:44:05,910] [WARN ] - Error on updating configuration store for app 'JavaTestServer' version '1.0.0'. java.lang.RuntimeException: Couldn't find .mount-configuration file at [C:\Users\administrator.SCSM\Desktop\SharedConfigJavaTestApp\target] or it parents
[2022-03-09 10:44:06,410] [WARN ] - Error on updating configuration store for app 'JavaTestServer' version '1.0.0'. java.lang.RuntimeException: Couldn't find .mount-configuration file at [C:\Users\administrator.SCSM\Desktop\SharedConfigJavaTestApp\target] or it parents
[2022-03-09 10:44:06,910] [WARN ] - Error on updating configuration store for app 'JavaTestServer' version '1.0.0'. java.lang.RuntimeException: Couldn't find .mount-configuration file at [C:\Users\administrator.SCSM\Desktop\SharedConfigJavaTestApp\target] or it parents
[2022-03-09 10:44:07,410] [WARN ] - Error on updating configuration store for app 'JavaTestServer' version '1.0.0'. java.lang.RuntimeException: Couldn't find .mount-configuration file at [C:\Users\administrator.SCSM\Desktop\SharedConfigJavaTestApp\target] or it parents
[2022-03-09 10:44:07,910] [WARN ] - Error on updating configuration store for app 'JavaTestServer' version '1.0.0'. java.lang.RuntimeException: Couldn't find .mount-configuration file at [C:\Users\administrator.SCSM\Desktop\SharedConfigJavaTestApp\target] or it parents
[2022-03-09 10:44:08,410] [WARN ] - Error on updating configuration store for app 'JavaTestServer' version '1.0.0'. java.lang.RuntimeException: Couldn't find .mount-configuration file at [C:\Users\administrator.SCSM\Desktop\SharedConfigJavaTestApp\target] or it parents
[2022-03-09 10:44:08,910] [WARN ] - Error on updating configuration store for app 'JavaTestServer' version '1.0.0'. java.lang.RuntimeException: Couldn't find .mount-configuration file at [C:\Users\administrator.SCSM\Desktop\SharedConfigJavaTestApp\target] or it parents
[2022-03-09 10:44:09,410] [WARN ] - Error on updating configuration store for app 'JavaTestServer' version '1.0.0'. java.lang.RuntimeException: Couldn't find .mount-configuration file at [C:\Users\administrator.SCSM\Desktop\SharedConfigJavaTestApp\target] or it parents
[2022-03-09 10:44:09,910] [WARN ] - Error on updating configuration store for app 'JavaTestServer' version '1.0.0'. java.lang.RuntimeException: Couldn't find .mount-configuration file at [C:\Users\administrator.SCSM\Desktop\SharedConfigJavaTestApp\target] or it parents
[2022-03-09 10:44:10,410] [WARN ] - Error on updating configuration store for app 'JavaTestServer' version '1.0.0'. java.lang.RuntimeException: Couldn't find .mount-configuration file at [C:\Users\administrator.SCSM\Desktop\SharedConfigJavaTestApp\target] or it parents
[2022-03-09 10:44:10,910] [WARN ] - Error on updating configuration store for app 'JavaTestServer' version '1.0.0'. java.lang.RuntimeException: Couldn't find .mount-configuration file at [C:\Users\administrator.SCSM\Desktop\SharedConfigJavaTestApp\target] or it parents
[2022-03-09 10:44:11,410] [WARN ] - Error on updating configuration store for app 'JavaTestServer' version '1.0.0'. java.lang.RuntimeException: Couldn't find .mount-configuration file at [C:\Users\administrator.SCSM\Desktop\SharedConfigJavaTestApp\target] or it parents
[2022-03-09 10:44:11,910] [WARN ] - Error on updating configuration store for app 'JavaTestServer' version '1.0.0'. java.lang.RuntimeException: Couldn't find .mount-configuration file at [C:\Users\administrator.SCSM\Desktop\SharedConfigJavaTestApp\target] or it parents
[2022-03-09 10:44:12,410] [WARN ] - Error on updating configuration store for app 'JavaTestServer' version '1.0.0'. java.lang.RuntimeException: Couldn't find .mount-configuration file at [C:\Users\administrator.SCSM\Desktop\SharedConfigJavaTestApp\target] or it parents
[2022-03-09 10:44:12,910] [WARN ] - Error on updating configuration store for app 'JavaTestServer' version '1.0.0'. java.lang.RuntimeException: Couldn't find .mount-configuration file at [C:\Users\administrator.SCSM\Desktop\SharedConfigJavaTestApp\target] or it parents
[2022-03-09 10:44:13,410] [WARN ] - Error on updating configuration store for app 'JavaTestServer' version '1.0.0'. java.lang.RuntimeException: Couldn't find .mount-configuration file at [C:\Users\administrator.SCSM\Desktop\SharedConfigJavaTestApp\target] or it parents
[2022-03-09 10:44:13,910] [WARN ] - Error on updating configuration store for app 'JavaTestServer' version '1.0.0'. java.lang.RuntimeException: Couldn't find .mount-configuration file at [C:\Users\administrator.SCSM\Desktop\SharedConfigJavaTestApp\target] or it parents
[2022-03-09 10:44:14,410] [WARN ] - Error on updating configuration store for app 'JavaTestServer' version '1.0.0'. java.lang.RuntimeException: Couldn't find .mount-configuration file at [C:\Users\administrator.SCSM\Desktop\SharedConfigJavaTestApp\target] or it parents
[2022-03-09 10:44:14,910] [WARN ] - Error on updating configuration store for app 'JavaTestServer' version '1.0.0'. java.lang.RuntimeException: Couldn't find .mount-configuration file at [C:\Users\administrator.SCSM\Desktop\SharedConfigJavaTestApp\target] or it parents
[2022-03-09 10:44:15,410] [WARN ] - Error on updating configuration store for app 'JavaTestServer' version '1.0.0'. java.lang.RuntimeException: Couldn't find .mount-configuration file at [C:\Users\administrator.SCSM\Desktop\SharedConfigJavaTestApp\target] or it parents
[2022-03-09 10:44:15,904] [WARN ] - Error on updating configuration store for app 'JavaTestServer' version '1.0.0'. java.lang.RuntimeException: Couldn't find .mount-configuration file at [C:\Users\administrator.SCSM\Desktop\SharedConfigJavaTestApp\target] or it parents
[2022-03-09 10:44:16,409] [WARN ] - Error on updating configuration store for app 'JavaTestServer' version '1.0.0'. java.lang.RuntimeException: Couldn't find .mount-configuration file at [C:\Users\administrator.SCSM\Desktop\SharedConfigJavaTestApp\target] or it parents
[2022-03-09 10:44:16,915] [WARN ] - Error on updating configuration store for app 'JavaTestServer' version '1.0.0'. java.lang.RuntimeException: Couldn't find .mount-configuration file at [C:\Users\administrator.SCSM\Desktop\SharedConfigJavaTestApp\target] or it parents
[2022-03-09 10:44:17,415] [WARN ] - Error on updating configuration store for app 'JavaTestServer' version '1.0.0'. java.lang.RuntimeException: Couldn't find .mount-configuration file at [C:\Users\administrator.SCSM\Desktop\SharedConfigJavaTestApp\target] or it parents
[2022-03-09 10:44:17,916] [WARN ] - Error on updating configuration store for app 'JavaTestServer' version '1.0.0'. java.lang.RuntimeException: Couldn't find .mount-configuration file at [C:\Users\administrator.SCSM\Desktop\SharedConfigJavaTestApp\target] or it parents
[2022-03-09 10:44:18,415] [WARN ] - Error on updating configuration store for app 'JavaTestServer' version '1.0.0'. java.lang.RuntimeException: Couldn't find .mount-configuration file at [C:\Users\administrator.SCSM\Desktop\SharedConfigJavaTestApp\target] or it parents
[2022-03-09 10:44:18,904] [WARN ] - Error on updating configuration store for app 'JavaTestServer' version '1.0.0'. java.lang.RuntimeException: Couldn't find .mount-configuration file at [C:\Users\administrator.SCSM\Desktop\SharedConfigJavaTestApp\target] or it parents
[2022-03-09 10:44:19,404] [WARN ] - Error on updating configuration store for app 'JavaTestServer' version '1.0.0'. java.lang.RuntimeException: Couldn't find .mount-configuration file at [C:\Users\administrator.SCSM\Desktop\SharedConfigJavaTestApp\target] or it parents
[2022-03-09 10:44:19,904] [WARN ] - Error on updating configuration store for app 'JavaTestServer' version '1.0.0'. java.lang.RuntimeException: Couldn't find .mount-configuration file at [C:\Users\administrator.SCSM\Desktop\SharedConfigJavaTestApp\target] or it parents
[2022-03-09 10:44:20,404] [WARN ] - Error on updating configuration store for app 'JavaTestServer' version '1.0.0'. java.lang.RuntimeException: Couldn't find .mount-configuration file at [C:\Users\administrator.SCSM\Desktop\SharedConfigJavaTestApp\target] or it parents
[2022-03-09 10:44:20,904] [WARN ] - Error on updating configuration store for app 'JavaTestServer' version '1.0.0'. java.lang.RuntimeException: Couldn't find .mount-configuration file at [C:\Users\administrator.SCSM\Desktop\SharedConfigJavaTestApp\target] or it parents
[2022-03-09 10:44:21,404] [WARN ] - Error on updating configuration store for app 'JavaTestServer' version '1.0.0'. java.lang.RuntimeException: Couldn't find .mount-configuration file at [C:\Users\administrator.SCSM\Desktop\SharedConfigJavaTestApp\target] or it parents
[2022-03-09 10:44:21,903] [WARN ] - Error on updating configuration store for app 'JavaTestServer' version '1.0.0'. java.lang.RuntimeException: Couldn't find .mount-configuration file at [C:\Users\administrator.SCSM\Desktop\SharedConfigJavaTestApp\target] or it parents
[2022-03-09 10:44:22,407] [WARN ] - Error on updating configuration store for app 'JavaTestServer' version '1.0.0'. java.lang.RuntimeException: Couldn't find .mount-configuration file at [C:\Users\administrator.SCSM\Desktop\SharedConfigJavaTestApp\target] or it parents
[2022-03-09 10:44:22,912] [WARN ] - Error on updating configuration store for app 'JavaTestServer' version '1.0.0'. java.lang.RuntimeException: Couldn't find .mount-configuration file at [C:\Users\administrator.SCSM\Desktop\SharedConfigJavaTestApp\target] or it parents
[2022-03-09 10:44:23,407] [WARN ] - Error on updating configuration store for app 'JavaTestServer' version '1.0.0'. java.lang.RuntimeException: Couldn't find .mount-configuration file at [C:\Users\administrator.SCSM\Desktop\SharedConfigJavaTestApp\target] or it parents
[2022-03-09 10:44:23,918] [WARN ] - Error on updating configuration store for app 'JavaTestServer' version '1.0.0'. java.lang.RuntimeException: Couldn't find .mount-configuration file at [C:\Users\administrator.SCSM\Desktop\SharedConfigJavaTestApp\target] or it parents
[2022-03-09 10:44:24,406] [WARN ] - Error on updating configuration store for app 'JavaTestServer' version '1.0.0'. java.lang.RuntimeException: Couldn't find .mount-configuration file at [C:\Users\administrator.SCSM\Desktop\SharedConfigJavaTestApp\target] or it parents
[2022-03-09 10:44:24,906] [WARN ] - Error on updating configuration store for app 'JavaTestServer' version '1.0.0'. java.lang.RuntimeException: Couldn't find .mount-configuration file at [C:\Users\administrator.SCSM\Desktop\SharedConfigJavaTestApp\target] or it parents
[2022-03-09 10:44:25,406] [WARN ] - Error on updating configuration store for app 'JavaTestServer' version '1.0.0'. java.lang.RuntimeException: Couldn't find .mount-configuration file at [C:\Users\administrator.SCSM\Desktop\SharedConfigJavaTestApp\target] or it parents
[2022-03-09 10:44:25,906] [WARN ] - Error on updating configuration store for app 'JavaTestServer' version '1.0.0'. java.lang.RuntimeException: Couldn't find .mount-configuration file at [C:\Users\administrator.SCSM\Desktop\SharedConfigJavaTestApp\target] or it parents
[2022-03-09 10:44:26,408] [WARN ] - Error on updating configuration store for app 'JavaTestServer' version '1.0.0'. java.lang.RuntimeException: Couldn't find .mount-configuration file at [C:\Users\administrator.SCSM\Desktop\SharedConfigJavaTestApp\target] or it parents
[2022-03-09 10:44:26,905] [WARN ] - Error on updating configuration store for app 'JavaTestServer' version '1.0.0'. java.lang.RuntimeException: Couldn't find .mount-configuration file at [C:\Users\administrator.SCSM\Desktop\SharedConfigJavaTestApp\target] or it parents
[2022-03-09 10:44:27,405] [WARN ] - Error on updating configuration store for app 'JavaTestServer' version '1.0.0'. java.lang.RuntimeException: Couldn't find .mount-configuration file at [C:\Users\administrator.SCSM\Desktop\SharedConfigJavaTestApp\target] or it parents
[2022-03-09 10:44:27,905] [WARN ] - Error on updating configuration store for app 'JavaTestServer' version '1.0.0'. java.lang.RuntimeException: Couldn't find .mount-configuration file at [C:\Users\administrator.SCSM\Desktop\SharedConfigJavaTestApp\target] or it parents
[2022-03-09 10:44:28,405] [WARN ] - Error on updating configuration store for app 'JavaTestServer' version '1.0.0'. java.lang.RuntimeException: Couldn't find .mount-configuration file at [C:\Users\administrator.SCSM\Desktop\SharedConfigJavaTestApp\target] or it parents
[2022-03-09 10:44:28,905] [WARN ] - Error on updating configuration store for app 'JavaTestServer' version '1.0.0'. java.lang.RuntimeException: Couldn't find .mount-configuration file at [C:\Users\administrator.SCSM\Desktop\SharedConfigJavaTestApp\target] or it parents
[2022-03-09 10:44:29,405] [WARN ] - Error on updating configuration store for app 'JavaTestServer' version '1.0.0'. java.lang.RuntimeException: Couldn't find .mount-configuration file at [C:\Users\administrator.SCSM\Desktop\SharedConfigJavaTestApp\target] or it parents
[2022-03-09 10:44:29,905] [WARN ] - Error on updating configuration store for app 'JavaTestServer' version '1.0.0'. java.lang.RuntimeException: Couldn't find .mount-configuration file at [C:\Users\administrator.SCSM\Desktop\SharedConfigJavaTestApp\target] or it parents
[2022-03-09 10:44:30,405] [WARN ] - Error on updating configuration store for app 'JavaTestServer' version '1.0.0'. java.lang.RuntimeException: Couldn't find .mount-configuration file at [C:\Users\administrator.SCSM\Desktop\SharedConfigJavaTestApp\target] or it parents
[2022-03-09 10:44:30,905] [WARN ] - Error on updating configuration store for app 'JavaTestServer' version '1.0.0'. java.lang.RuntimeException: Couldn't find .mount-configuration file at [C:\Users\administrator.SCSM\Desktop\SharedConfigJavaTestApp\target] or it parents
[2022-03-09 10:44:31,405] [WARN ] - Error on updating configuration store for app 'JavaTestServer' version '1.0.0'. java.lang.RuntimeException: Couldn't find .mount-configuration file at [C:\Users\administrator.SCSM\Desktop\SharedConfigJavaTestApp\target] or it parents
[2022-03-09 10:44:31,905] [WARN ] - Error on updating configuration store for app 'JavaTestServer' version '1.0.0'. java.lang.RuntimeException: Couldn't find .mount-configuration file at [C:\Users\administrator.SCSM\Desktop\SharedConfigJavaTestApp\target] or it parents
[2022-03-09 10:44:32,405] [WARN ] - Error on updating configuration store for app 'JavaTestServer' version '1.0.0'. java.lang.RuntimeException: Couldn't find .mount-configuration file at [C:\Users\administrator.SCSM\Desktop\SharedConfigJavaTestApp\target] or it parents
[2022-03-09 10:44:32,905] [WARN ] - Error on updating configuration store for app 'JavaTestServer' version '1.0.0'. java.lang.RuntimeException: Couldn't find .mount-configuration file at [C:\Users\administrator.SCSM\Desktop\SharedConfigJavaTestApp\target] or it parents
[2022-03-09 10:44:33,405] [WARN ] - Error on updating configuration store for app 'JavaTestServer' version '1.0.0'. java.lang.RuntimeException: Couldn't find .mount-configuration file at [C:\Users\administrator.SCSM\Desktop\SharedConfigJavaTestApp\target] or it parents
[2022-03-09 10:44:33,905] [WARN ] - Error on updating configuration store for app 'JavaTestServer' version '1.0.0'. java.lang.RuntimeException: Couldn't find .mount-configuration file at [C:\Users\administrator.SCSM\Desktop\SharedConfigJavaTestApp\target] or it parents
[2022-03-09 10:44:34,405] [WARN ] - Error on updating configuration store for app 'JavaTestServer' version '1.0.0'. java.lang.RuntimeException: Couldn't find .mount-configuration file at [C:\Users\administrator.SCSM\Desktop\SharedConfigJavaTestApp\target] or it parents
[2022-03-09 10:44:34,905] [WARN ] - Error on updating configuration store for app 'JavaTestServer' version '1.0.0'. java.lang.RuntimeException: Couldn't find .mount-configuration file at [C:\Users\administrator.SCSM\Desktop\SharedConfigJavaTestApp\target] or it parents
[2022-03-09 10:44:35,405] [WARN ] - Error on updating configuration store for app 'JavaTestServer' version '1.0.0'. java.lang.RuntimeException: Couldn't find .mount-configuration file at [C:\Users\administrator.SCSM\Desktop\SharedConfigJavaTestApp\target] or it parents
[2022-03-09 10:44:35,904] [WARN ] - Error on updating configuration store for app 'JavaTestServer' version '1.0.0'. java.lang.RuntimeException: Couldn't find .mount-configuration file at [C:\Users\administrator.SCSM\Desktop\SharedConfigJavaTestApp\target] or it parents
[2022-03-09 10:44:36,404] [WARN ] - Error on updating configuration store for app 'JavaTestServer' version '1.0.0'. java.lang.RuntimeException: Couldn't find .mount-configuration file at [C:\Users\administrator.SCSM\Desktop\SharedConfigJavaTestApp\target] or it parents
[2022-03-09 10:44:36,905] [WARN ] - Error on updating configuration store for app 'JavaTestServer' version '1.0.0'. java.lang.RuntimeException: Couldn't find .mount-configuration file at [C:\Users\administrator.SCSM\Desktop\SharedConfigJavaTestApp\target] or it parents
[2022-03-09 10:44:37,404] [WARN ] - Error on updating configuration store for app 'JavaTestServer' version '1.0.0'. java.lang.RuntimeException: Couldn't find .mount-configuration file at [C:\Users\administrator.SCSM\Desktop\SharedConfigJavaTestApp\target] or it parents
[2022-03-09 10:44:37,904] [WARN ] - Error on updating configuration store for app 'JavaTestServer' version '1.0.0'. java.lang.RuntimeException: Couldn't find .mount-configuration file at [C:\Users\administrator.SCSM\Desktop\SharedConfigJavaTestApp\target] or it parents
[2022-03-09 10:44:38,404] [WARN ] - Error on updating configuration store for app 'JavaTestServer' version '1.0.0'. java.lang.RuntimeException: Couldn't find .mount-configuration file at [C:\Users\administrator.SCSM\Desktop\SharedConfigJavaTestApp\target] or it parents
[2022-03-09 10:44:38,904] [WARN ] - Error on updating configuration store for app 'JavaTestServer' version '1.0.0'. java.lang.RuntimeException: Couldn't find .mount-configuration file at [C:\Users\administrator.SCSM\Desktop\SharedConfigJavaTestApp\target] or it parents
[2022-03-09 10:44:39,404] [WARN ] - Error on updating configuration store for app 'JavaTestServer' version '1.0.0'. java.lang.RuntimeException: Couldn't find .mount-configuration file at [C:\Users\administrator.SCSM\Desktop\SharedConfigJavaTestApp\target] or it parents
[2022-03-09 10:44:39,904] [WARN ] - Error on updating configuration store for app 'JavaTestServer' version '1.0.0'. java.lang.RuntimeException: Couldn't find .mount-configuration file at [C:\Users\administrator.SCSM\Desktop\SharedConfigJavaTestApp\target] or it parents
[2022-03-09 10:44:40,404] [WARN ] - Error on updating configuration store for app 'JavaTestServer' version '1.0.0'. java.lang.RuntimeException: Couldn't find .mount-configuration file at [C:\Users\administrator.SCSM\Desktop\SharedConfigJavaTestApp\target] or it parents
[2022-03-09 10:44:40,917] [WARN ] - Error on updating configuration store for app 'JavaTestServer' version '1.0.0'. java.lang.RuntimeException: Couldn't find .mount-configuration file at [C:\Users\administrator.SCSM\Desktop\SharedConfigJavaTestApp\target] or it parents
[2022-03-09 10:44:41,402] [WARN ] - Error on updating configuration store for app 'JavaTestServer' version '1.0.0'. java.lang.RuntimeException: Couldn't find .mount-configuration file at [C:\Users\administrator.SCSM\Desktop\SharedConfigJavaTestApp\target] or it parents
[2022-03-09 10:44:41,903] [WARN ] - Error on updating configuration store for app 'JavaTestServer' version '1.0.0'. java.lang.RuntimeException: Couldn't find .mount-configuration file at [C:\Users\administrator.SCSM\Desktop\SharedConfigJavaTestApp\target] or it parents
[2022-03-09 10:44:42,403] [WARN ] - Error on updating configuration store for app 'JavaTestServer' version '1.0.0'. java.lang.RuntimeException: Couldn't find .mount-configuration file at [C:\Users\administrator.SCSM\Desktop\SharedConfigJavaTestApp\target] or it parents
[2022-03-09 10:44:42,903] [WARN ] - Error on updating configuration store for app 'JavaTestServer' version '1.0.0'. java.lang.RuntimeException: Couldn't find .mount-configuration file at [C:\Users\administrator.SCSM\Desktop\SharedConfigJavaTestApp\target] or it parents
[2022-03-09 10:44:43,403] [WARN ] - Error on updating configuration store for app 'JavaTestServer' version '1.0.0'. java.lang.RuntimeException: Couldn't find .mount-configuration file at [C:\Users\administrator.SCSM\Desktop\SharedConfigJavaTestApp\target] or it parents
[2022-03-09 10:44:43,903] [WARN ] - Error on updating configuration store for app 'JavaTestServer' version '1.0.0'. java.lang.RuntimeException: Couldn't find .mount-configuration file at [C:\Users\administrator.SCSM\Desktop\SharedConfigJavaTestApp\target] or it parents
[2022-03-09 10:44:44,407] [WARN ] - Error on updating configuration store for app 'JavaTestServer' version '1.0.0'. java.lang.RuntimeException: Couldn't find .mount-configuration file at [C:\Users\administrator.SCSM\Desktop\SharedConfigJavaTestApp\target] or it parents
[2022-03-09 10:44:44,907] [WARN ] - Error on updating configuration store for app 'JavaTestServer' version '1.0.0'. java.lang.RuntimeException: Couldn't find .mount-configuration file at [C:\Users\administrator.SCSM\Desktop\SharedConfigJavaTestApp\target] or it parents
[2022-03-09 10:44:45,407] [WARN ] - Error on updating configuration store for app 'JavaTestServer' version '1.0.0'. java.lang.RuntimeException: Couldn't find .mount-configuration file at [C:\Users\administrator.SCSM\Desktop\SharedConfigJavaTestApp\target] or it parents
[2022-03-09 10:44:45,907] [WARN ] - Error on updating configuration store for app 'JavaTestServer' version '1.0.0'. java.lang.RuntimeException: Couldn't find .mount-configuration file at [C:\Users\administrator.SCSM\Desktop\SharedConfigJavaTestApp\target] or it parents
[2022-03-09 10:44:46,413] [WARN ] - Error on updating configuration store for app 'JavaTestServer' version '1.0.0'. java.lang.RuntimeException: Couldn't find .mount-configuration file at [C:\Users\administrator.SCSM\Desktop\SharedConfigJavaTestApp\target] or it parents
[2022-03-09 10:44:46,903] [WARN ] - Error on updating configuration store for app 'JavaTestServer' version '1.0.0'. java.lang.RuntimeException: Couldn't find .mount-configuration file at [C:\Users\administrator.SCSM\Desktop\SharedConfigJavaTestApp\target] or it parents
[2022-03-09 10:44:47,403] [WARN ] - Error on updating configuration store for app 'JavaTestServer' version '1.0.0'. java.lang.RuntimeException: Couldn't find .mount-configuration file at [C:\Users\administrator.SCSM\Desktop\SharedConfigJavaTestApp\target] or it parents
[2022-03-09 10:44:47,903] [WARN ] - Error on updating configuration store for app 'JavaTestServer' version '1.0.0'. java.lang.RuntimeException: Couldn't find .mount-configuration file at [C:\Users\administrator.SCSM\Desktop\SharedConfigJavaTestApp\target] or it parents
[2022-03-09 10:44:48,414] [WARN ] - Error on updating configuration store for app 'JavaTestServer' version '1.0.0'. java.lang.RuntimeException: Couldn't find .mount-configuration file at [C:\Users\administrator.SCSM\Desktop\SharedConfigJavaTestApp\target] or it parents
[2022-03-09 10:44:48,914] [WARN ] - Error on updating configuration store for app 'JavaTestServer' version '1.0.0'. java.lang.RuntimeException: Couldn't find .mount-configuration file at [C:\Users\administrator.SCSM\Desktop\SharedConfigJavaTestApp\target] or it parents
[2022-03-09 10:44:49,414] [WARN ] - Error on updating configuration store for app 'JavaTestServer' version '1.0.0'. java.lang.RuntimeException: Couldn't find .mount-configuration file at [C:\Users\administrator.SCSM\Desktop\SharedConfigJavaTestApp\target] or it parents
[2022-03-09 10:44:49,914] [WARN ] - Error on updating configuration store for app 'JavaTestServer' version '1.0.0'. java.lang.RuntimeException: Couldn't find .mount-configuration file at [C:\Users\administrator.SCSM\Desktop\SharedConfigJavaTestApp\target] or it parents
[2022-03-09 10:44:50,414] [WARN ] - Error on updating configuration store for app 'JavaTestServer' version '1.0.0'. java.lang.RuntimeException: Couldn't find .mount-configuration file at [C:\Users\administrator.SCSM\Desktop\SharedConfigJavaTestApp\target] or it parents
[2022-03-09 10:44:50,914] [WARN ] - Error on updating configuration store for app 'JavaTestServer' version '1.0.0'. java.lang.RuntimeException: Couldn't find .mount-configuration file at [C:\Users\administrator.SCSM\Desktop\SharedConfigJavaTestApp\target] or it parents
[2022-03-09 10:44:51,414] [WARN ] - Error on updating configuration store for app 'JavaTestServer' version '1.0.0'. java.lang.RuntimeException: Couldn't find .mount-configuration file at [C:\Users\administrator.SCSM\Desktop\SharedConfigJavaTestApp\target] or it parents
[2022-03-09 10:44:51,913] [WARN ] - Error on updating configuration store for app 'JavaTestServer' version '1.0.0'. java.lang.RuntimeException: Couldn't find .mount-configuration file at [C:\Users\administrator.SCSM\Desktop\SharedConfigJavaTestApp\target] or it parents
[2022-03-09 10:44:52,413] [WARN ] - Error on updating configuration store for app 'JavaTestServer' version '1.0.0'. java.lang.RuntimeException: Couldn't find .mount-configuration file at [C:\Users\administrator.SCSM\Desktop\SharedConfigJavaTestApp\target] or it parents
[2022-03-09 10:44:52,913] [WARN ] - Error on updating configuration store for app 'JavaTestServer' version '1.0.0'. java.lang.RuntimeException: Couldn't find .mount-configuration file at [C:\Users\administrator.SCSM\Desktop\SharedConfigJavaTestApp\target] or it parents
[2022-03-09 10:44:53,413] [WARN ] - Error on updating configuration store for app 'JavaTestServer' version '1.0.0'. java.lang.RuntimeException: Couldn't find .mount-configuration file at [C:\Users\administrator.SCSM\Desktop\SharedConfigJavaTestApp\target] or it parents
[2022-03-09 10:44:53,913] [WARN ] - Error on updating configuration store for app 'JavaTestServer' version '1.0.0'. java.lang.RuntimeException: Couldn't find .mount-configuration file at [C:\Users\administrator.SCSM\Desktop\SharedConfigJavaTestApp\target] or it parents
[2022-03-09 10:44:54,413] [WARN ] - Error on updating configuration store for app 'JavaTestServer' version '1.0.0'. java.lang.RuntimeException: Couldn't find .mount-configuration file at [C:\Users\administrator.SCSM\Desktop\SharedConfigJavaTestApp\target] or it parents
[2022-03-09 10:44:54,913] [WARN ] - Error on updating configuration store for app 'JavaTestServer' version '1.0.0'. java.lang.RuntimeException: Couldn't find .mount-configuration file at [C:\Users\administrator.SCSM\Desktop\SharedConfigJavaTestApp\target] or it parents
[2022-03-09 10:44:55,413] [WARN ] - Error on updating configuration store for app 'JavaTestServer' version '1.0.0'. java.lang.RuntimeException: Couldn't find .mount-configuration file at [C:\Users\administrator.SCSM\Desktop\SharedConfigJavaTestApp\target] or it parents
[2022-03-09 10:44:55,913] [WARN ] - Error on updating configuration store for app 'JavaTestServer' version '1.0.0'. java.lang.RuntimeException: Couldn't find .mount-configuration file at [C:\Users\administrator.SCSM\Desktop\SharedConfigJavaTestApp\target] or it parents
[2022-03-09 10:44:56,413] [WARN ] - Error on updating configuration store for app 'JavaTestServer' version '1.0.0'. java.lang.RuntimeException: Couldn't find .mount-configuration file at [C:\Users\administrator.SCSM\Desktop\SharedConfigJavaTestApp\target] or it parents
[2022-03-09 10:44:56,913] [WARN ] - Error on updating configuration store for app 'JavaTestServer' version '1.0.0'. java.lang.RuntimeException: Couldn't find .mount-configuration file at [C:\Users\administrator.SCSM\Desktop\SharedConfigJavaTestApp\target] or it parents
[2022-03-09 10:44:57,413] [WARN ] - Error on updating configuration store for app 'JavaTestServer' version '1.0.0'. java.lang.RuntimeException: Couldn't find .mount-configuration file at [C:\Users\administrator.SCSM\Desktop\SharedConfigJavaTestApp\target] or it parents
[2022-03-09 10:44:57,913] [WARN ] - Error on updating configuration store for app 'JavaTestServer' version '1.0.0'. java.lang.RuntimeException: Couldn't find .mount-configuration file at [C:\Users\administrator.SCSM\Desktop\SharedConfigJavaTestApp\target] or it parents
[2022-03-09 10:44:58,413] [WARN ] - Error on updating configuration store for app 'JavaTestServer' version '1.0.0'. java.lang.RuntimeException: Couldn't find .mount-configuration file at [C:\Users\administrator.SCSM\Desktop\SharedConfigJavaTestApp\target] or it parents
[2022-03-09 10:44:58,913] [WARN ] - Error on updating configuration store for app 'JavaTestServer' version '1.0.0'. java.lang.RuntimeException: Couldn't find .mount-configuration file at [C:\Users\administrator.SCSM\Desktop\SharedConfigJavaTestApp\target] or it parents
[2022-03-09 10:44:59,413] [WARN ] - Error on updating configuration store for app 'JavaTestServer' version '1.0.0'. java.lang.RuntimeException: Couldn't find .mount-configuration file at [C:\Users\administrator.SCSM\Desktop\SharedConfigJavaTestApp\target] or it parents
[2022-03-09 10:44:59,913] [WARN ] - Error on updating configuration store for app 'JavaTestServer' version '1.0.0'. java.lang.RuntimeException: Couldn't find .mount-configuration file at [C:\Users\administrator.SCSM\Desktop\SharedConfigJavaTestApp\target] or it parents
[2022-03-09 10:45:00,413] [WARN ] - Error on updating configuration store for app 'JavaTestServer' version '1.0.0'. java.lang.RuntimeException: Couldn't find .mount-configuration file at [C:\Users\administrator.SCSM\Desktop\SharedConfigJavaTestApp\target] or it parents
[2022-03-09 10:45:00,913] [WARN ] - Error on updating configuration store for app 'JavaTestServer' version '1.0.0'. java.lang.RuntimeException: Couldn't find .mount-configuration file at [C:\Users\administrator.SCSM\Desktop\SharedConfigJavaTestApp\target] or it parents
[2022-03-09 10:45:01,413] [WARN ] - Error on updating configuration store for app 'JavaTestServer' version '1.0.0'. java.lang.RuntimeException: Couldn't find .mount-configuration file at [C:\Users\administrator.SCSM\Desktop\SharedConfigJavaTestApp\target] or it parents
[2022-03-09 10:45:01,913] [WARN ] - Error on updating configuration store for app 'JavaTestServer' version '1.0.0'. java.lang.RuntimeException: Couldn't find .mount-configuration file at [C:\Users\administrator.SCSM\Desktop\SharedConfigJavaTestApp\target] or it parents
[2022-03-09 10:45:02,413] [WARN ] - Error on updating configuration store for app 'JavaTestServer' version '1.0.0'. java.lang.RuntimeException: Couldn't find .mount-configuration file at [C:\Users\administrator.SCSM\Desktop\SharedConfigJavaTestApp\target] or it parents
[2022-03-09 10:45:02,913] [WARN ] - Error on updating configuration store for app 'JavaTestServer' version '1.0.0'. java.lang.RuntimeException: Couldn't find .mount-configuration file at [C:\Users\administrator.SCSM\Desktop\SharedConfigJavaTestApp\target] or it parents
[2022-03-09 10:45:03,413] [WARN ] - Error on updating configuration store for app 'JavaTestServer' version '1.0.0'. java.lang.RuntimeException: Couldn't find .mount-configuration file at [C:\Users\administrator.SCSM\Desktop\SharedConfigJavaTestApp\target] or it parents
[2022-03-09 10:45:03,913] [WARN ] - Error on updating configuration store for app 'JavaTestServer' version '1.0.0'. java.lang.RuntimeException: Couldn't find .mount-configuration file at [C:\Users\administrator.SCSM\Desktop\SharedConfigJavaTestApp\target] or it parents
[2022-03-09 10:45:04,413] [WARN ] - Error on updating configuration store for app 'JavaTestServer' version '1.0.0'. java.lang.RuntimeException: Couldn't find .mount-configuration file at [C:\Users\administrator.SCSM\Desktop\SharedConfigJavaTestApp\target] or it parents
[2022-03-09 10:45:04,913] [WARN ] - Error on updating configuration store for app 'JavaTestServer' version '1.0.0'. java.lang.RuntimeException: Couldn't find .mount-configuration file at [C:\Users\administrator.SCSM\Desktop\SharedConfigJavaTestApp\target] or it parents
[2022-03-09 10:45:05,413] [WARN ] - Error on updating configuration store for app 'JavaTestServer' version '1.0.0'. java.lang.RuntimeException: Couldn't find .mount-configuration file at [C:\Users\administrator.SCSM\Desktop\SharedConfigJavaTestApp\target] or it parents
[2022-03-09 10:45:05,913] [WARN ] - Error on updating configuration store for app 'JavaTestServer' version '1.0.0'. java.lang.RuntimeException: Couldn't find .mount-configuration file at [C:\Users\administrator.SCSM\Desktop\SharedConfigJavaTestApp\target] or it parents
[2022-03-09 10:45:06,413] [WARN ] - Error on updating configuration store for app 'JavaTestServer' version '1.0.0'. java.lang.RuntimeException: Couldn't find .mount-configuration file at [C:\Users\administrator.SCSM\Desktop\SharedConfigJavaTestApp\target] or it parents
[2022-03-09 10:45:06,913] [WARN ] - Error on updating configuration store for app 'JavaTestServer' version '1.0.0'. java.lang.RuntimeException: Couldn't find .mount-configuration file at [C:\Users\administrator.SCSM\Desktop\SharedConfigJavaTestApp\target] or it parents
[2022-03-09 10:45:07,416] [WARN ] - Error on updating configuration store for app 'JavaTestServer' version '1.0.0'. java.lang.RuntimeException: Couldn't find .mount-configuration file at [C:\Users\administrator.SCSM\Desktop\SharedConfigJavaTestApp\target] or it parents
[2022-03-09 10:45:07,905] [WARN ] - Error on updating configuration store for app 'JavaTestServer' version '1.0.0'. java.lang.RuntimeException: Couldn't find .mount-configuration file at [C:\Users\administrator.SCSM\Desktop\SharedConfigJavaTestApp\target] or it parents
[2022-03-09 10:45:08,407] [WARN ] - Error on updating configuration store for app 'JavaTestServer' version '1.0.0'. java.lang.RuntimeException: Couldn't find .mount-configuration file at [C:\Users\administrator.SCSM\Desktop\SharedConfigJavaTestApp\target] or it parents
[2022-03-09 10:45:08,909] [WARN ] - Error on updating configuration store for app 'JavaTestServer' version '1.0.0'. java.lang.RuntimeException: Couldn't find .mount-configuration file at [C:\Users\administrator.SCSM\Desktop\SharedConfigJavaTestApp\target] or it parents
[2022-03-09 10:45:09,410] [WARN ] - Error on updating configuration store for app 'JavaTestServer' version '1.0.0'. java.lang.RuntimeException: Couldn't find .mount-configuration file at [C:\Users\administrator.SCSM\Desktop\SharedConfigJavaTestApp\target] or it parents
[2022-03-09 10:45:09,910] [WARN ] - Error on updating configuration store for app 'JavaTestServer' version '1.0.0'. java.lang.RuntimeException: Couldn't find .mount-configuration file at [C:\Users\administrator.SCSM\Desktop\SharedConfigJavaTestApp\target] or it parents
[2022-03-09 10:45:10,410] [WARN ] - Error on updating configuration store for app 'JavaTestServer' version '1.0.0'. java.lang.RuntimeException: Couldn't find .mount-configuration file at [C:\Users\administrator.SCSM\Desktop\SharedConfigJavaTestApp\target] or it parents
[2022-03-09 10:45:10,910] [WARN ] - Error on updating configuration store for app 'JavaTestServer' version '1.0.0'. java.lang.RuntimeException: Couldn't find .mount-configuration file at [C:\Users\administrator.SCSM\Desktop\SharedConfigJavaTestApp\target] or it parents
[2022-03-09 10:45:11,410] [WARN ] - Error on updating configuration store for app 'JavaTestServer' version '1.0.0'. java.lang.RuntimeException: Couldn't find .mount-configuration file at [C:\Users\administrator.SCSM\Desktop\SharedConfigJavaTestApp\target] or it parents
[2022-03-09 10:45:11,910] [WARN ] - Error on updating configuration store for app 'JavaTestServer' version '1.0.0'. java.lang.RuntimeException: Couldn't find .mount-configuration file at [C:\Users\administrator.SCSM\Desktop\SharedConfigJavaTestApp\target] or it parents
[2022-03-09 10:45:12,411] [WARN ] - Error on updating configuration store for app 'JavaTestServer' version '1.0.0'. java.lang.RuntimeException: Couldn't find .mount-configuration file at [C:\Users\administrator.SCSM\Desktop\SharedConfigJavaTestApp\target] or it parents
[2022-03-09 10:45:12,911] [WARN ] - Error on updating configuration store for app 'JavaTestServer' version '1.0.0'. java.lang.RuntimeException: Couldn't find .mount-configuration file at [C:\Users\administrator.SCSM\Desktop\SharedConfigJavaTestApp\target] or it parents
[2022-03-09 10:45:13,411] [WARN ] - Error on updating configuration store for app 'JavaTestServer' version '1.0.0'. java.lang.RuntimeException: Couldn't find .mount-configuration file at [C:\Users\administrator.SCSM\Desktop\SharedConfigJavaTestApp\target] or it parents
[2022-03-09 10:45:13,911] [WARN ] - Error on updating configuration store for app 'JavaTestServer' version '1.0.0'. java.lang.RuntimeException: Couldn't find .mount-configuration file at [C:\Users\administrator.SCSM\Desktop\SharedConfigJavaTestApp\target] or it parents
[2022-03-09 10:45:14,411] [WARN ] - Error on updating configuration store for app 'JavaTestServer' version '1.0.0'. java.lang.RuntimeException: Couldn't find .mount-configuration file at [C:\Users\administrator.SCSM\Desktop\SharedConfigJavaTestApp\target] or it parents
[2022-03-09 10:45:14,911] [WARN ] - Error on updating configuration store for app 'JavaTestServer' version '1.0.0'. java.lang.RuntimeException: Couldn't find .mount-configuration file at [C:\Users\administrator.SCSM\Desktop\SharedConfigJavaTestApp\target] or it parents
[2022-03-09 10:45:15,411] [WARN ] - Error on updating configuration store for app 'JavaTestServer' version '1.0.0'. java.lang.RuntimeException: Couldn't find .mount-configuration file at [C:\Users\administrator.SCSM\Desktop\SharedConfigJavaTestApp\target] or it parents
[2022-03-09 10:45:15,911] [WARN ] - Error on updating configuration store for app 'JavaTestServer' version '1.0.0'. java.lang.RuntimeException: Couldn't find .mount-configuration file at [C:\Users\administrator.SCSM\Desktop\SharedConfigJavaTestApp\target] or it parents
[2022-03-09 10:45:16,405] [WARN ] - Error on updating configuration store for app 'JavaTestServer' version '1.0.0'. java.lang.RuntimeException: Couldn't find .mount-configuration file at [C:\Users\administrator.SCSM\Desktop\SharedConfigJavaTestApp\target] or it parents
[2022-03-09 10:45:16,902] [WARN ] - Error on updating configuration store for app 'JavaTestServer' version '1.0.0'. java.lang.RuntimeException: Couldn't find .mount-configuration file at [C:\Users\administrator.SCSM\Desktop\SharedConfigJavaTestApp\target] or it parents
[2022-03-09 10:45:17,415] [WARN ] - Error on updating configuration store for app 'JavaTestServer' version '1.0.0'. java.lang.RuntimeException: Couldn't find .mount-configuration file at [C:\Users\administrator.SCSM\Desktop\SharedConfigJavaTestApp\target] or it parents
[2022-03-09 10:45:17,917] [WARN ] - Error on updating configuration store for app 'JavaTestServer' version '1.0.0'. java.lang.RuntimeException: Couldn't find .mount-configuration file at [C:\Users\administrator.SCSM\Desktop\SharedConfigJavaTestApp\target] or it parents
[2022-03-09 10:45:18,406] [WARN ] - Error on updating configuration store for app 'JavaTestServer' version '1.0.0'. java.lang.RuntimeException: Couldn't find .mount-configuration file at [C:\Users\administrator.SCSM\Desktop\SharedConfigJavaTestApp\target] or it parents
[2022-03-09 10:45:18,906] [WARN ] - Error on updating configuration store for app 'JavaTestServer' version '1.0.0'. java.lang.RuntimeException: Couldn't find .mount-configuration file at [C:\Users\administrator.SCSM\Desktop\SharedConfigJavaTestApp\target] or it parents
[2022-03-09 10:45:19,413] [WARN ] - Error on updating configuration store for app 'JavaTestServer' version '1.0.0'. java.lang.RuntimeException: Couldn't find .mount-configuration file at [C:\Users\administrator.SCSM\Desktop\SharedConfigJavaTestApp\target] or it parents
[2022-03-09 10:45:19,903] [WARN ] - Error on updating configuration store for app 'JavaTestServer' version '1.0.0'. java.lang.RuntimeException: Couldn't find .mount-configuration file at [C:\Users\administrator.SCSM\Desktop\SharedConfigJavaTestApp\target] or it parents
[2022-03-09 10:45:20,404] [WARN ] - Error on updating configuration store for app 'JavaTestServer' version '1.0.0'. java.lang.RuntimeException: Couldn't find .mount-configuration file at [C:\Users\administrator.SCSM\Desktop\SharedConfigJavaTestApp\target] or it parents
[2022-03-09 10:45:20,904] [WARN ] - Error on updating configuration store for app 'JavaTestServer' version '1.0.0'. java.lang.RuntimeException: Couldn't find .mount-configuration file at [C:\Users\administrator.SCSM\Desktop\SharedConfigJavaTestApp\target] or it parents
[2022-03-09 10:45:21,404] [WARN ] - Error on updating configuration store for app 'JavaTestServer' version '1.0.0'. java.lang.RuntimeException: Couldn't find .mount-configuration file at [C:\Users\administrator.SCSM\Desktop\SharedConfigJavaTestApp\target] or it parents
[2022-03-09 10:45:21,904] [WARN ] - Error on updating configuration store for app 'JavaTestServer' version '1.0.0'. java.lang.RuntimeException: Couldn't find .mount-configuration file at [C:\Users\administrator.SCSM\Desktop\SharedConfigJavaTestApp\target] or it parents
[2022-03-09 10:45:22,416] [WARN ] - Error on updating configuration store for app 'JavaTestServer' version '1.0.0'. java.lang.RuntimeException: Couldn't find .mount-configuration file at [C:\Users\administrator.SCSM\Desktop\SharedConfigJavaTestApp\target] or it parents
[2022-03-09 10:45:22,903] [WARN ] - Error on updating configuration store for app 'JavaTestServer' version '1.0.0'. java.lang.RuntimeException: Couldn't find .mount-configuration file at [C:\Users\administrator.SCSM\Desktop\SharedConfigJavaTestApp\target] or it parents
[2022-03-09 10:45:23,404] [WARN ] - Error on updating configuration store for app 'JavaTestServer' version '1.0.0'. java.lang.RuntimeException: Couldn't find .mount-configuration file at [C:\Users\administrator.SCSM\Desktop\SharedConfigJavaTestApp\target] or it parents
[2022-03-09 10:45:23,903] [WARN ] - Error on updating configuration store for app 'JavaTestServer' version '1.0.0'. java.lang.RuntimeException: Couldn't find .mount-configuration file at [C:\Users\administrator.SCSM\Desktop\SharedConfigJavaTestApp\target] or it parents
[2022-03-09 10:45:24,403] [WARN ] - Error on updating configuration store for app 'JavaTestServer' version '1.0.0'. java.lang.RuntimeException: Couldn't find .mount-configuration file at [C:\Users\administrator.SCSM\Desktop\SharedConfigJavaTestApp\target] or it parents
[2022-03-09 10:45:24,903] [WARN ] - Error on updating configuration store for app 'JavaTestServer' version '1.0.0'. java.lang.RuntimeException: Couldn't find .mount-configuration file at [C:\Users\administrator.SCSM\Desktop\SharedConfigJavaTestApp\target] or it parents
[2022-03-09 10:45:25,403] [WARN ] - Error on updating configuration store for app 'JavaTestServer' version '1.0.0'. java.lang.RuntimeException: Couldn't find .mount-configuration file at [C:\Users\administrator.SCSM\Desktop\SharedConfigJavaTestApp\target] or it parents
[2022-03-09 10:45:25,903] [WARN ] - Error on updating configuration store for app 'JavaTestServer' version '1.0.0'. java.lang.RuntimeException: Couldn't find .mount-configuration file at [C:\Users\administrator.SCSM\Desktop\SharedConfigJavaTestApp\target] or it parents
[2022-03-09 10:45:26,403] [WARN ] - Error on updating configuration store for app 'JavaTestServer' version '1.0.0'. java.lang.RuntimeException: Couldn't find .mount-configuration file at [C:\Users\administrator.SCSM\Desktop\SharedConfigJavaTestApp\target] or it parents
[2022-03-09 10:45:26,910] [WARN ] - Error on updating configuration store for app 'JavaTestServer' version '1.0.0'. java.lang.RuntimeException: Couldn't find .mount-configuration file at [C:\Users\administrator.SCSM\Desktop\SharedConfigJavaTestApp\target] or it parents
[2022-03-09 10:45:27,410] [WARN ] - Error on updating configuration store for app 'JavaTestServer' version '1.0.0'. java.lang.RuntimeException: Couldn't find .mount-configuration file at [C:\Users\administrator.SCSM\Desktop\SharedConfigJavaTestApp\target] or it parents
[2022-03-09 10:45:27,910] [WARN ] - Error on updating configuration store for app 'JavaTestServer' version '1.0.0'. java.lang.RuntimeException: Couldn't find .mount-configuration file at [C:\Users\administrator.SCSM\Desktop\SharedConfigJavaTestApp\target] or it parents
[2022-03-09 10:45:28,410] [WARN ] - Error on updating configuration store for app 'JavaTestServer' version '1.0.0'. java.lang.RuntimeException: Couldn't find .mount-configuration file at [C:\Users\administrator.SCSM\Desktop\SharedConfigJavaTestApp\target] or it parents
[2022-03-09 10:45:28,910] [WARN ] - Error on updating configuration store for app 'JavaTestServer' version '1.0.0'. java.lang.RuntimeException: Couldn't find .mount-configuration file at [C:\Users\administrator.SCSM\Desktop\SharedConfigJavaTestApp\target] or it parents
[2022-03-09 10:45:29,410] [WARN ] - Error on updating configuration store for app 'JavaTestServer' version '1.0.0'. java.lang.RuntimeException: Couldn't find .mount-configuration file at [C:\Users\administrator.SCSM\Desktop\SharedConfigJavaTestApp\target] or it parents
[2022-03-09 10:45:29,910] [WARN ] - Error on updating configuration store for app 'JavaTestServer' version '1.0.0'. java.lang.RuntimeException: Couldn't find .mount-configuration file at [C:\Users\administrator.SCSM\Desktop\SharedConfigJavaTestApp\target] or it parents
[2022-03-09 10:45:30,414] [WARN ] - Error on updating configuration store for app 'JavaTestServer' version '1.0.0'. java.lang.RuntimeException: Couldn't find .mount-configuration file at [C:\Users\administrator.SCSM\Desktop\SharedConfigJavaTestApp\target] or it parents
[2022-03-09 10:45:30,914] [WARN ] - Error on updating configuration store for app 'JavaTestServer' version '1.0.0'. java.lang.RuntimeException: Couldn't find .mount-configuration file at [C:\Users\administrator.SCSM\Desktop\SharedConfigJavaTestApp\target] or it parents
[2022-03-09 10:45:31,414] [WARN ] - Error on updating configuration store for app 'JavaTestServer' version '1.0.0'. java.lang.RuntimeException: Couldn't find .mount-configuration file at [C:\Users\administrator.SCSM\Desktop\SharedConfigJavaTestApp\target] or it parents
[2022-03-09 10:45:31,914] [WARN ] - Error on updating configuration store for app 'JavaTestServer' version '1.0.0'. java.lang.RuntimeException: Couldn't find .mount-configuration file at [C:\Users\administrator.SCSM\Desktop\SharedConfigJavaTestApp\target] or it parents
[2022-03-09 10:45:32,406] [WARN ] - Error on updating configuration store for app 'JavaTestServer' version '1.0.0'. java.lang.RuntimeException: Couldn't find .mount-configuration file at [C:\Users\administrator.SCSM\Desktop\SharedConfigJavaTestApp\target] or it parents
[2022-03-09 10:45:32,916] [WARN ] - Error on updating configuration store for app 'JavaTestServer' version '1.0.0'. java.lang.RuntimeException: Couldn't find .mount-configuration file at [C:\Users\administrator.SCSM\Desktop\SharedConfigJavaTestApp\target] or it parents
[2022-03-09 10:45:33,413] [WARN ] - Error on updating configuration store for app 'JavaTestServer' version '1.0.0'. java.lang.RuntimeException: Couldn't find .mount-configuration file at [C:\Users\administrator.SCSM\Desktop\SharedConfigJavaTestApp\target] or it parents
[2022-03-09 10:45:33,913] [WARN ] - Error on updating configuration store for app 'JavaTestServer' version '1.0.0'. java.lang.RuntimeException: Couldn't find .mount-configuration file at [C:\Users\administrator.SCSM\Desktop\SharedConfigJavaTestApp\target] or it parents
[2022-03-09 10:45:34,413] [WARN ] - Error on updating configuration store for app 'JavaTestServer' version '1.0.0'. java.lang.RuntimeException: Couldn't find .mount-configuration file at [C:\Users\administrator.SCSM\Desktop\SharedConfigJavaTestApp\target] or it parents
[2022-03-09 10:45:34,913] [WARN ] - Error on updating configuration store for app 'JavaTestServer' version '1.0.0'. java.lang.RuntimeException: Couldn't find .mount-configuration file at [C:\Users\administrator.SCSM\Desktop\SharedConfigJavaTestApp\target] or it parents
[2022-03-09 10:45:35,413] [WARN ] - Error on updating configuration store for app 'JavaTestServer' version '1.0.0'. java.lang.RuntimeException: Couldn't find .mount-configuration file at [C:\Users\administrator.SCSM\Desktop\SharedConfigJavaTestApp\target] or it parents
[2022-03-09 10:45:35,913] [WARN ] - Error on updating configuration store for app 'JavaTestServer' version '1.0.0'. java.lang.RuntimeException: Couldn't find .mount-configuration file at [C:\Users\administrator.SCSM\Desktop\SharedConfigJavaTestApp\target] or it parents
[2022-03-09 10:45:36,413] [WARN ] - Error on updating configuration store for app 'JavaTestServer' version '1.0.0'. java.lang.RuntimeException: Couldn't find .mount-configuration file at [C:\Users\administrator.SCSM\Desktop\SharedConfigJavaTestApp\target] or it parents
[2022-03-09 10:45:36,913] [WARN ] - Error on updating configuration store for app 'JavaTestServer' version '1.0.0'. java.lang.RuntimeException: Couldn't find .mount-configuration file at [C:\Users\administrator.SCSM\Desktop\SharedConfigJavaTestApp\target] or it parents
[2022-03-09 10:45:37,413] [WARN ] - Error on updating configuration store for app 'JavaTestServer' version '1.0.0'. java.lang.RuntimeException: Couldn't find .mount-configuration file at [C:\Users\administrator.SCSM\Desktop\SharedConfigJavaTestApp\target] or it parents
[2022-03-09 10:45:37,913] [WARN ] - Error on updating configuration store for app 'JavaTestServer' version '1.0.0'. java.lang.RuntimeException: Couldn't find .mount-configuration file at [C:\Users\administrator.SCSM\Desktop\SharedConfigJavaTestApp\target] or it parents
[2022-03-09 10:45:38,413] [WARN ] - Error on updating configuration store for app 'JavaTestServer' version '1.0.0'. java.lang.RuntimeException: Couldn't find .mount-configuration file at [C:\Users\administrator.SCSM\Desktop\SharedConfigJavaTestApp\target] or it parents
[2022-03-09 10:45:38,913] [WARN ] - Error on updating configuration store for app 'JavaTestServer' version '1.0.0'. java.lang.RuntimeException: Couldn't find .mount-configuration file at [C:\Users\administrator.SCSM\Desktop\SharedConfigJavaTestApp\target] or it parents
[2022-03-09 10:45:39,413] [WARN ] - Error on updating configuration store for app 'JavaTestServer' version '1.0.0'. java.lang.RuntimeException: Couldn't find .mount-configuration file at [C:\Users\administrator.SCSM\Desktop\SharedConfigJavaTestApp\target] or it parents
[2022-03-09 10:45:39,913] [WARN ] - Error on updating configuration store for app 'JavaTestServer' version '1.0.0'. java.lang.RuntimeException: Couldn't find .mount-configuration file at [C:\Users\administrator.SCSM\Desktop\SharedConfigJavaTestApp\target] or it parents
[2022-03-09 10:45:40,413] [WARN ] - Error on updating configuration store for app 'JavaTestServer' version '1.0.0'. java.lang.RuntimeException: Couldn't find .mount-configuration file at [C:\Users\administrator.SCSM\Desktop\SharedConfigJavaTestApp\target] or it parents
[2022-03-09 10:45:40,907] [WARN ] - Error on updating configuration store for app 'JavaTestServer' version '1.0.0'. java.lang.RuntimeException: Couldn't find .mount-configuration file at [C:\Users\administrator.SCSM\Desktop\SharedConfigJavaTestApp\target] or it parents
[2022-03-09 10:45:41,409] [WARN ] - Error on updating configuration store for app 'JavaTestServer' version '1.0.0'. java.lang.RuntimeException: Couldn't find .mount-configuration file at [C:\Users\administrator.SCSM\Desktop\SharedConfigJavaTestApp\target] or it parents
[2022-03-09 10:45:41,904] [WARN ] - Error on updating configuration store for app 'JavaTestServer' version '1.0.0'. java.lang.RuntimeException: Couldn't find .mount-configuration file at [C:\Users\administrator.SCSM\Desktop\SharedConfigJavaTestApp\target] or it parents
[2022-03-09 10:45:42,405] [WARN ] - Error on updating configuration store for app 'JavaTestServer' version '1.0.0'. java.lang.RuntimeException: Couldn't find .mount-configuration file at [C:\Users\administrator.SCSM\Desktop\SharedConfigJavaTestApp\target] or it parents
[2022-03-09 10:45:42,905] [WARN ] - Error on updating configuration store for app 'JavaTestServer' version '1.0.0'. java.lang.RuntimeException: Couldn't find .mount-configuration file at [C:\Users\administrator.SCSM\Desktop\SharedConfigJavaTestApp\target] or it parents
[2022-03-09 10:45:43,405] [WARN ] - Error on updating configuration store for app 'JavaTestServer' version '1.0.0'. java.lang.RuntimeException: Couldn't find .mount-configuration file at [C:\Users\administrator.SCSM\Desktop\SharedConfigJavaTestApp\target] or it parents
[2022-03-09 10:45:43,905] [WARN ] - Error on updating configuration store for app 'JavaTestServer' version '1.0.0'. java.lang.RuntimeException: Couldn't find .mount-configuration file at [C:\Users\administrator.SCSM\Desktop\SharedConfigJavaTestApp\target] or it parents
[2022-03-09 10:45:44,405] [WARN ] - Error on updating configuration store for app 'JavaTestServer' version '1.0.0'. java.lang.RuntimeException: Couldn't find .mount-configuration file at [C:\Users\administrator.SCSM\Desktop\SharedConfigJavaTestApp\target] or it parents
[2022-03-09 10:45:44,905] [WARN ] - Error on updating configuration store for app 'JavaTestServer' version '1.0.0'. java.lang.RuntimeException: Couldn't find .mount-configuration file at [C:\Users\administrator.SCSM\Desktop\SharedConfigJavaTestApp\target] or it parents
[2022-03-09 10:45:45,405] [WARN ] - Error on updating configuration store for app 'JavaTestServer' version '1.0.0'. java.lang.RuntimeException: Couldn't find .mount-configuration file at [C:\Users\administrator.SCSM\Desktop\SharedConfigJavaTestApp\target] or it parents
[2022-03-09 10:45:45,905] [WARN ] - Error on updating configuration store for app 'JavaTestServer' version '1.0.0'. java.lang.RuntimeException: Couldn't find .mount-configuration file at [C:\Users\administrator.SCSM\Desktop\SharedConfigJavaTestApp\target] or it parents
[2022-03-09 10:45:46,405] [WARN ] - Error on updating configuration store for app 'JavaTestServer' version '1.0.0'. java.lang.RuntimeException: Couldn't find .mount-configuration file at [C:\Users\administrator.SCSM\Desktop\SharedConfigJavaTestApp\target] or it parents
[2022-03-09 10:45:46,905] [WARN ] - Error on updating configuration store for app 'JavaTestServer' version '1.0.0'. java.lang.RuntimeException: Couldn't find .mount-configuration file at [C:\Users\administrator.SCSM\Desktop\SharedConfigJavaTestApp\target] or it parents
[2022-03-09 10:45:47,405] [WARN ] - Error on updating configuration store for app 'JavaTestServer' version '1.0.0'. java.lang.RuntimeException: Couldn't find .mount-configuration file at [C:\Users\administrator.SCSM\Desktop\SharedConfigJavaTestApp\target] or it parents
[2022-03-09 10:45:47,915] [WARN ] - Error on updating configuration store for app 'JavaTestServer' version '1.0.0'. java.lang.RuntimeException: Couldn't find .mount-configuration file at [C:\Users\administrator.SCSM\Desktop\SharedConfigJavaTestApp\target] or it parents
[2022-03-09 10:45:48,415] [WARN ] - Error on updating configuration store for app 'JavaTestServer' version '1.0.0'. java.lang.RuntimeException: Couldn't find .mount-configuration file at [C:\Users\administrator.SCSM\Desktop\SharedConfigJavaTestApp\target] or it parents
[2022-03-09 10:45:48,915] [WARN ] - Error on updating configuration store for app 'JavaTestServer' version '1.0.0'. java.lang.RuntimeException: Couldn't find .mount-configuration file at [C:\Users\administrator.SCSM\Desktop\SharedConfigJavaTestApp\target] or it parents
[2022-03-09 10:45:49,415] [WARN ] - Error on updating configuration store for app 'JavaTestServer' version '1.0.0'. java.lang.RuntimeException: Couldn't find .mount-configuration file at [C:\Users\administrator.SCSM\Desktop\SharedConfigJavaTestApp\target] or it parents
[2022-03-09 10:45:49,915] [WARN ] - Error on updating configuration store for app 'JavaTestServer' version '1.0.0'. java.lang.RuntimeException: Couldn't find .mount-configuration file at [C:\Users\administrator.SCSM\Desktop\SharedConfigJavaTestApp\target] or it parents
[2022-03-09 10:45:50,415] [WARN ] - Error on updating configuration store for app 'JavaTestServer' version '1.0.0'. java.lang.RuntimeException: Couldn't find .mount-configuration file at [C:\Users\administrator.SCSM\Desktop\SharedConfigJavaTestApp\target] or it parents
[2022-03-09 10:45:50,915] [WARN ] - Error on updating configuration store for app 'JavaTestServer' version '1.0.0'. java.lang.RuntimeException: Couldn't find .mount-configuration file at [C:\Users\administrator.SCSM\Desktop\SharedConfigJavaTestApp\target] or it parents
[2022-03-09 10:45:51,415] [WARN ] - Error on updating configuration store for app 'JavaTestServer' version '1.0.0'. java.lang.RuntimeException: Couldn't find .mount-configuration file at [C:\Users\administrator.SCSM\Desktop\SharedConfigJavaTestApp\target] or it parents
[2022-03-09 10:45:51,915] [WARN ] - Error on updating configuration store for app 'JavaTestServer' version '1.0.0'. java.lang.RuntimeException: Couldn't find .mount-configuration file at [C:\Users\administrator.SCSM\Desktop\SharedConfigJavaTestApp\target] or it parents
[2022-03-09 10:45:52,415] [WARN ] - Error on updating configuration store for app 'JavaTestServer' version '1.0.0'. java.lang.RuntimeException: Couldn't find .mount-configuration file at [C:\Users\administrator.SCSM\Desktop\SharedConfigJavaTestApp\target] or it parents
[2022-03-09 10:45:52,915] [WARN ] - Error on updating configuration store for app 'JavaTestServer' version '1.0.0'. java.lang.RuntimeException: Couldn't find .mount-configuration file at [C:\Users\administrator.SCSM\Desktop\SharedConfigJavaTestApp\target] or it parents
[2022-03-09 10:45:53,408] [WARN ] - Error on updating configuration store for app 'JavaTestServer' version '1.0.0'. java.lang.RuntimeException: Couldn't find .mount-configuration file at [C:\Users\administrator.SCSM\Desktop\SharedConfigJavaTestApp\target] or it parents
[2022-03-09 10:45:53,908] [WARN ] - Error on updating configuration store for app 'JavaTestServer' version '1.0.0'. java.lang.RuntimeException: Couldn't find .mount-configuration file at [C:\Users\administrator.SCSM\Desktop\SharedConfigJavaTestApp\target] or it parents
[2022-03-09 10:45:54,410] [WARN ] - Error on updating configuration store for app 'JavaTestServer' version '1.0.0'. java.lang.RuntimeException: Couldn't find .mount-configuration file at [C:\Users\administrator.SCSM\Desktop\SharedConfigJavaTestApp\target] or it parents
[2022-03-09 10:45:54,912] [WARN ] - Error on updating configuration store for app 'JavaTestServer' version '1.0.0'. java.lang.RuntimeException: Couldn't find .mount-configuration file at [C:\Users\administrator.SCSM\Desktop\SharedConfigJavaTestApp\target] or it parents
